0 0 1
1.00000000 -0.00000000 0.00000000 -0.00000000
-0.00000000 1.00000000 -0.00000000 0.00000000
0.00000000 -0.00000000 1.00000000 -0.00000000
-0.00000000 0.00000000 -0.00000000 1.00000000
1 1 2
0.99998848 -0.00341272 -0.00337603 -0.00083754
0.00343970 0.99996194 0.00801765 -0.04111793
0.00334854 -0.00802917 0.99996216 0.04900064
-0.00000000 -0.00000000 -0.00000000 1.00000000
2 2 3
0.99863872 -0.04099337 0.03225278 -0.06128287
0.04061136 0.99909793 0.01241173 -0.08412458
-0.03273248 -0.01108500 0.99940268 0.08735100
0.00000000 -0.00000000 -0.00000000 1.00000000
3 3 4
0.99948184 0.02600947 -0.01896204 -0.07965157
-0.02584427 0.99962631 0.00890563 -0.19017402
0.01918658 -0.00841096 0.99978054 0.17572387
-0.00000000 -0.00000000 -0.00000000 1.00000000
4 4 5
0.99124012 -0.09780053 0.08875851 -0.21646448
0.09828627 0.99515757 -0.00110812 -0.21883598
-0.08822033 0.00982215 0.99605256 0.21416648
-0.00000000 -0.00000000 -0.00000000 1.00000000
5 5 6
0.98446679 -0.13368933 0.11380821 -0.22532224
0.13059683 0.99084406 0.03424215 -0.33631216
-0.11734399 -0.01884727 0.99291247 0.28938558
0.00000000 -0.00000000 -0.00000000 1.00000000
6 6 7
0.99897293 -0.03108407 0.03296768 -0.18758624
0.03073400 0.99946626 0.01107279 -0.24536309
-0.03329427 -0.01004819 0.99939508 0.22966474
0.00000000 -0.00000000 -0.00000000 1.00000000
7 7 8
0.99794534 -0.04890187 0.04139693 -0.24680434
0.04833065 0.99872337 0.01468929 -0.29863987
-0.04206241 -0.01265837 0.99903479 0.27326417
0.00000000 -0.00000000 -0.00000000 1.00000000
8 8 9
0.99749149 0.05273155 -0.04722405 -0.13636186
-0.05184257 0.99845785 0.01985647 -0.33088122
0.04819829 -0.01735844 0.99868694 0.29828243
-0.00000000 -0.00000000 -0.00000000 1.00000000
9 9 10
0.99981413 0.01113181 -0.01574140 -0.18546916
-0.01124124 0.99991314 -0.00688056 -0.34599815
0.01566344 0.00705624 0.99985242 0.34946230
-0.00000000 0.00000000 -0.00000000 1.00000000
10 10 11
0.97871590 -0.15920153 0.12949924 -0.37559703
0.15527455 0.98706358 0.03994124 -0.47561558
-0.13418269 -0.01898319 0.99077477 0.41707439
0.00000000 -0.00000000 -0.00000000 1.00000000
11 11 12
0.88863621 -0.35081064 0.29539395 -0.46249171
0.34767854 0.93536384 0.06491618 -0.52839578
-0.29907411 0.04501527 0.95316751 0.47838440
-0.00000000 -0.00000000 -0.00000000 1.00000000
12 12 13
0.86963757 -0.37341907 0.32293761 -0.51840730
0.36561122 0.92669276 0.08699976 -0.51859955
-0.33175132 0.04241135 0.94241304 0.46755843
-0.00000000 -0.00000000 -0.00000000 1.00000000
13 13 14
0.89924923 -0.33901137 0.27644549 -0.47112950
0.32953635 0.94061450 0.08154847 -0.52376475
-0.28767449 0.01776644 0.95756344 0.45556823
-0.00000000 -0.00000000 -0.00000000 1.00000000
14 14 15
0.81234245 -0.44616875 0.37554385 -0.53517383
0.43299536 0.89281267 0.12409896 -0.59708398
-0.39065938 0.06179789 0.91845864 0.52665009
-0.00000000 -0.00000000 -0.00000000 1.00000000
15 15 16
0.77264659 -0.48334205 0.41157953 -0.55524459
0.47256772 0.87081387 0.13550998 -0.56808364
-0.42390683 0.08979788 0.90124322 0.50951993
-0.00000000 -0.00000000 -0.00000000 1.00000000
16 16 17
0.76462087 -0.48811593 0.42082986 -0.55190888
0.47646062 0.86783335 0.14089198 -0.59323023
-0.43398181 0.09277991 0.89613151 0.53166036
-0.00000000 -0.00000000 -0.00000000 1.00000000
17 17 18
0.62672114 -0.58602564 0.51360935 -0.60115939
0.57523671 0.79255569 0.20238133 -0.63533217
-0.52566466 0.16861029 0.83381487 0.57811137
-0.00000000 -0.00000000 -0.00000000 1.00000000
18 18 19
0.77190028 -0.46765524 0.43066059 -0.56854709
0.46032399 0.87836503 0.12875056 -0.55846134
-0.43848807 0.09886081 0.89328313 0.51662281
-0.00000000 -0.00000000 -0.00000000 1.00000000
19 19 20
0.76865606 -0.47831630 0.42471329 -0.47452319
0.46673453 0.87341518 0.13894172 -0.60191222
-0.43740912 0.09142997 0.89460260 0.54174877
-0.00000000 -0.00000000 -0.00000000 1.00000000
20 20 21
0.71238102 -0.51685213 0.47473905 -0.57652292
0.50796020 0.84650920 0.15936940 -0.59813717
-0.48424139 0.12761681 0.86557740 0.55943625
-0.00000000 -0.00000000 -0.00000000 1.00000000
21 21 22
0.53137420 -0.62992612 0.56642259 -0.64033322
0.62322674 0.74356853 0.24226900 -0.65114264
-0.57378558 0.22427421 0.78769993 0.61302272
-0.00000000 -0.00000000 -0.00000000 1.00000000
22 22 23
0.72699367 -0.49792185 0.47281502 -0.57221501
0.48898550 0.85884195 0.15258992 -0.55537171
-0.48205123 0.12026778 0.86784922 0.52904287
-0.00000000 -0.00000000 -0.00000000 1.00000000
23 23 24
0.66377298 -0.55388508 0.50260993 -0.57256702
0.54078893 0.81963636 0.18905968 -0.61818057
-0.51667472 0.14631318 0.84358739 0.57592744
-0.00000000 -0.00000000 -0.00000000 1.00000000
24 24 25
0.63960734 -0.55334471 0.53358418 -0.60774786
0.54418030 0.81620177 0.19411972 -0.62728940
-0.54292748 0.16620560 0.82316794 0.60801954
-0.00000000 -0.00000000 -0.00000000 1.00000000
25 25 26
0.70343116 -0.50423396 0.50093185 -0.58589475
0.49854602 0.85236127 0.15789912 -0.59235062
-0.50659301 0.13866642 0.85096131 0.57620995
-0.00000000 -0.00000000 -0.00000000 1.00000000
26 26 27
0.76008367 -0.44814258 0.47057523 -0.57681877
0.44744512 0.88607295 0.12110983 -0.56015727
-0.47123846 0.11850299 0.87400879 0.55534819
-0.00000000 -0.00000000 -0.00000000 1.00000000
27 27 28
0.66688709 -0.51784797 0.53581256 -0.59286059
0.51310898 0.84055484 0.17374334 -0.61622105
-0.54035247 0.15906304 0.82626761 0.60260164
-0.00000000 -0.00000000 -0.00000000 1.00000000
28 28 29
0.68482306 -0.49872980 0.53130591 -0.60100358
0.49589022 0.85319576 0.16170927 -0.61327755
-0.53395718 0.15272717 0.83160336 0.60353588
-0.00000000 -0.00000000 -0.00000000 1.00000000
29 29 30
0.62229292 -0.53051146 0.57559457 -0.61568650
0.53244058 0.82587918 0.18555485 -0.65424739
-0.57381055 0.19100044 0.79640460 0.64855878
-0.00000000 -0.00000000 -0.00000000 1.00000000
30 30 31
0.57876374 -0.54055054 0.61060432 -0.63311447
0.55096820 0.81120703 0.19590098 -0.64567887
-0.60122090 0.22304318 0.76732338 0.65901727
-0.00000000 -0.00000000 -0.00000000 1.00000000
31 31 32
0.40030125 -0.61964285 0.67513084 -0.69896477
0.62768027 0.72217555 0.29065436 -0.69912824
-0.66766488 0.30741700 0.67802536 0.71182515
-0.00000000 -0.00000000 -0.00000000 1.00000000
32 32 33
0.51337827 -0.56758457 0.64365403 -0.68058169
0.57859171 0.78285374 0.22884855 -0.65194041
-0.63377787 0.25492701 0.73029982 0.67593495
-0.00000000 -0.00000000 -0.00000000 1.00000000
33 33 34
0.62642045 -0.50533636 0.59349186 -0.63858449
0.52245246 0.83724511 0.16144365 -0.60012573
-0.57848150 0.20893968 0.78848168 0.64163647
-0.00000000 -0.00000000 -0.00000000 1.00000000
34 34 35
0.64739329 -0.49406157 0.58033189 -0.63320027
0.51267505 0.84571711 0.14807722 -0.59596755
-0.56395587 0.20165748 0.80080462 0.65234712
-0.00000000 -0.00000000 -0.00000000 1.00000000
35 35 36
0.57202085 -0.53864030 0.61859419 -0.65124019
0.56001980 0.80749760 0.18527129 -0.61873607
-0.59930791 0.24044595 0.76355470 0.69535229
-0.00000000 -0.00000000 -0.00000000 1.00000000
36 36 37
0.53935274 -0.55523118 0.63310107 -0.66932902
0.57280597 0.79299879 0.20747586 -0.61839433
-0.61724545 0.25074140 0.74574580 0.70774608
-0.00000000 -0.00000000 -0.00000000 1.00000000
37 37 38
0.61665541 -0.50384003 0.60488126 -0.64967367
0.53106422 0.83343750 0.15281603 -0.56733476
-0.58112555 0.22699596 0.78151515 0.68566784
-0.00000000 -0.00000000 -0.00000000 1.00000000
38 38 39
0.60948353 -0.51741555 0.60067543 -0.64441261
0.54442032 0.82392787 0.15731937 -0.56875903
-0.57631272 0.23113635 0.78386200 0.68129362
-0.00000000 -0.00000000 -0.00000000 1.00000000
39 39 40
0.47541256 -0.56848469 0.67142242 -0.66987994
0.60541107 0.76514325 0.21916485 -0.61986006
-0.63832619 0.30229284 0.70792564 0.75142006
-0.00000000 -0.00000000 -0.00000000 1.00000000
40 40 41
0.56829011 -0.51842291 0.63897108 -0.65812670
0.56311875 0.81125264 0.15737354 -0.56314791
-0.59995302 0.27038277 0.75296051 0.69423562
-0.00000000 -0.00000000 -0.00000000 1.00000000
41 41 42
0.55592041 -0.51504952 0.65243887 -0.65416024
0.56538044 0.80966741 0.15742822 -0.57148207
-0.60934182 0.28135862 0.74130957 0.70329749
-0.00000000 -0.00000000 -0.00000000 1.00000000
42 42 43
0.44089349 -0.55962756 0.70173352 -0.67911049
0.60971476 0.76048593 0.22340335 -0.60815938
-0.65868114 0.32936020 0.67650648 0.74271667
-0.00000000 -0.00000000 -0.00000000 1.00000000
43 43 44
0.53615061 -0.50934133 0.67313738 -0.65417887
0.56965790 0.80679629 0.15674700 -0.55798968
-0.62292246 0.29941803 0.72271464 0.71498813
-0.00000000 -0.00000000 -0.00000000 1.00000000
44 44 45
0.52744783 -0.50934924 0.67997216 -0.65954617
0.56909650 0.80607999 0.16237064 -0.55539215
-0.63081532 0.30132774 0.71503401 0.72417282
-0.00000000 -0.00000000 -0.00000000 1.00000000
45 45 46
0.48397749 -0.53392805 0.69331567 -0.66914997
0.59185911 0.78330905 0.19007819 -0.56991645
-0.64456852 0.31835163 0.69511413 0.74388003
-0.00000000 -0.00000000 -0.00000000 1.00000000
46 46 47
0.48842467 -0.52328577 0.69829317 -0.68110516
0.58865491 0.78831543 0.17900887 -0.54857874
-0.64414808 0.32362135 0.69306744 0.74869051
-0.00000000 -0.00000000 -0.00000000 1.00000000
47 47 48
0.51784449 -0.51472420 0.68329794 -0.67091671
0.57782099 0.79945205 0.16431471 -0.53712520
-0.63084070 0.30973442 0.71141029 0.74337478
-0.00000000 -0.00000000 -0.00000000 1.00000000
48 48 49
0.45482876 -0.53817559 0.70957582 -0.69108598
0.60095881 0.77348022 0.20143699 -0.55981672
-0.65725133 0.33480650 0.67522241 0.76995817
-0.00000000 -0.00000000 -0.00000000 1.00000000
49 49 50
0.48910376 -0.51782894 0.70187656 -0.69270120
0.58650418 0.79086426 0.17477575 -0.53757864
-0.64559303 0.32617006 0.69052353 0.75828947
-0.00000000 -0.00000000 -0.00000000 1.00000000
50 50 51
0.47473560 -0.51470974 0.71393276 -0.68883617
0.58821840 0.78894812 0.17765127 -0.55089694
-0.65469475 0.33561100 0.67730350 0.77412649
-0.00000000 -0.00000000 -0.00000000 1.00000000
51 51 52
0.43258564 -0.51706268 0.73859045 -0.70526752
0.59963999 0.77675376 0.19257592 -0.56780966
-0.67327672 0.35958279 0.64606398 0.79521192
-0.00000000 -0.00000000 -0.00000000 1.00000000
52 52 53
0.46059038 -0.49128471 0.73925356 -0.70984155
0.58510657 0.79433612 0.16334143 -0.54324524
-0.66746296 0.35730863 0.65331749 0.77708099
-0.00000000 -0.00000000 -0.00000000 1.00000000
53 53 54
0.47540628 -0.47409134 0.74109802 -0.70910316
0.57560299 0.80467691 0.14552067 -0.53140670
-0.66533455 0.35739679 0.65543685 0.77759557
-0.00000000 -0.00000000 -0.00000000 1.00000000
54 54 55
0.42425933 -0.48866744 0.76237009 -0.71926541
0.59465618 0.78527367 0.17242182 -0.54205278
-0.68292609 0.38019652 0.62374880 0.79826885
-0.00000000 -0.00000000 -0.00000000 1.00000000
55 55 56
0.38346667 -0.49987944 0.77657830 -0.72449501
0.60842545 0.76933606 0.19478319 -0.55520043
-0.69481780 0.39779714 0.59915411 0.81346310
-0.00000000 -0.00000000 -0.00000000 1.00000000
56 56 57
0.37274673 -0.49433966 0.78529496 -0.72863779
0.61320904 0.76638825 0.19137325 -0.55466468
-0.69644422 0.41021622 0.58880226 0.82404336
-0.00000000 -0.00000000 -0.00000000 1.00000000
57 57 58
0.38188604 -0.48758083 0.78512928 -0.72407118
0.61388052 0.76886264 0.17888810 -0.53469570
-0.69087898 0.41366070 0.59293428 0.81133433
-0.00000000 -0.00000000 -0.00000000 1.00000000
58 58 59
0.38969577 -0.47453418 0.78927468 -0.72447897
0.61153216 0.77414244 0.16349892 -0.52382735
-0.68859685 0.41895201 0.59187295 0.81713125
-0.00000000 -0.00000000 -0.00000000 1.00000000
59 59 60
0.38293880 -0.47275605 0.79363694 -0.73130743
0.61238806 0.77313419 0.16505875 -0.51681563
-0.69162038 0.42280639 0.58557323 0.81752862
-0.00000000 -0.00000000 -0.00000000 1.00000000
60 60 61
0.34829160 -0.47509179 0.80807225 -0.73462984
0.61701841 0.76515581 0.18391538 -0.52311637
-0.70567786 0.43453927 0.55963772 0.83610388
-0.00000000 -0.00000000 -0.00000000 1.00000000
61 61 62
0.35304673 -0.47313516 0.80715620 -0.73982912
0.61302500 0.76870545 0.18246172 -0.51234027
-0.70679442 0.43038942 0.56143263 0.83167713
-0.00000000 -0.00000000 -0.00000000 1.00000000
62 62 63
0.34045304 -0.47448927 0.81175837 -0.74190269
0.61809621 0.76352115 0.18706289 -0.51339099
-0.70855403 0.43805864 0.55322312 0.83713842
-0.00000000 -0.00000000 -0.00000000 1.00000000
63 63 64
0.29397439 -0.48452536 0.82390184 -0.74340660
0.62284503 0.75095412 0.21939000 -0.54112874
-0.72501250 0.44866813 0.52254549 0.86333766
-0.00000000 -0.00000000 -0.00000000 1.00000000
64 64 65
0.25644095 -0.48451888 0.83634890 -0.76300137
0.63111209 0.73930528 0.23478763 -0.54276961
-0.73207620 0.46762074 0.49537388 0.88038592
-0.00000000 -0.00000000 -0.00000000 1.00000000
65 65 66
0.26292504 -0.48780867 0.83241403 -0.75762965
0.63243508 0.73869901 0.23313010 -0.53775831
-0.72862630 0.46515209 0.50272979 0.86538429
-0.00000000 -0.00000000 -0.00000000 1.00000000
66 66 67
0.23889482 -0.48214176 0.84289299 -0.77338948
0.63893085 0.73169968 0.23745091 -0.53658368
-0.73122953 0.48182454 0.48285451 0.87554419
-0.00000000 -0.00000000 -0.00000000 1.00000000
67 67 68
0.20979077 -0.48761505 0.84747826 -0.77066882
0.63993691 0.72380567 0.25804282 -0.55012797
-0.73923513 0.48819762 0.46389062 0.88713195
-0.00000000 -0.00000000 -0.00000000 1.00000000
68 68 69
0.21572739 -0.48331153 0.84845251 -0.78154699
0.64480801 0.72302265 0.24791303 -0.53081199
-0.73326961 0.49360734 0.46761893 0.87443921
-0.00000000 -0.00000000 -0.00000000 1.00000000
69 69 70
0.19973786 -0.48290502 0.85258872 -0.79041590
0.65135419 0.71547576 0.25265024 -0.53038453
-0.73201264 0.50487342 0.45744981 0.88034615
-0.00000000 -0.00000000 -0.00000000 1.00000000
70 70 71
0.17190453 -0.48572611 0.85704083 -0.80041818
0.65796045 0.70410157 0.26707496 -0.53712656
-0.73316907 0.51798757 0.44062682 0.88869762
-0.00000000 -0.00000000 -0.00000000 1.00000000
71 71 72
0.14287652 -0.48729068 0.86147205 -0.80368705
0.66203111 0.69407307 0.28280272 -0.54967618
-0.73573168 0.52991543 0.42176834 0.90281239
-0.00000000 -0.00000000 -0.00000000 1.00000000
72 72 73
0.14335180 -0.48349346 0.86353016 -0.81366914
0.66583370 0.69265880 0.27728915 -0.53497201
-0.73219926 0.53521758 0.42122013 0.90342099
-0.00000000 -0.00000000 -0.00000000 1.00000000
73 73 74
0.11665518 -0.49479717 0.86114304 -0.81848044
0.66923878 0.67981539 0.29995083 -0.54720137
-0.73383311 0.54131949 0.41044144 0.92373642
-0.00000000 -0.00000000 -0.00000000 1.00000000
74 74 75
0.12381154 -0.48529312 0.86554104 -0.80636334
0.67044398 0.68396075 0.28758053 -0.52883940
-0.73155695 0.54469099 0.41004408 0.92835089
-0.00000000 -0.00000000 -0.00000000 1.00000000
75 75 76
0.12116321 -0.48755801 0.86464251 -0.81243761
0.67137322 0.68185240 0.29040541 -0.53333558
-0.73114806 0.54531137 0.40994881 0.92967416
-0.00000000 -0.00000000 -0.00000000 1.00000000
76 76 77
0.09770904 -0.48117391 0.87116279 -0.81446869
0.67346116 0.67645386 0.29809436 -0.54289518
-0.73273666 0.55756779 0.39014760 0.94663531
-0.00000000 -0.00000000 -0.00000000 1.00000000
77 77 78
0.09944402 -0.47118569 0.87641026 -0.81834266
0.67272684 0.68081880 0.28969699 -0.54037746
-0.73317766 0.56077607 0.38468262 0.94098413
-0.00000000 -0.00000000 -0.00000000 1.00000000
78 78 79
0.09213915 -0.45626404 0.88506130 -0.81808162
0.66923430 0.68653330 0.28424898 -0.54962366
-0.73731664 0.56612292 0.36860414 0.94723158
-0.00000000 -0.00000000 -0.00000000 1.00000000
79 79 80
0.07025083 -0.43818696 0.89613448 -0.82190971
0.66707701 0.68856811 0.28439800 -0.55757640
-0.74166912 0.57781152 0.34067693 0.95464508
-0.00000000 -0.00000000 -0.00000000 1.00000000
80 80 81
0.06088505 -0.42523525 0.90303267 -0.82313861
0.66510445 0.69187947 0.28096062 -0.55895162
-0.74426412 0.58350475 0.32495097 0.94982119
-0.00000000 -0.00000000 -0.00000000 1.00000000
81 81 82
0.04558919 -0.41194213 0.91006885 -0.82605990
0.65591853 0.69946673 0.28375548 -0.56748144
-0.75345372 0.58399484 0.30208860 0.96853608
-0.00000000 -0.00000000 -0.00000000 1.00000000
82 82 83
0.03843407 -0.41088921 0.91087479 -0.82544572
0.64740309 0.70460263 0.29052432 -0.56882124
-0.76117807 0.57853712 0.29309169 0.96662942
-0.00000000 -0.00000000 -0.00000000 1.00000000
83 83 84
0.03011301 -0.40527076 0.91370062 -0.83066304
0.64151368 0.70884185 0.29326342 -0.56922810
-0.76652032 0.57732041 0.28133209 0.97024064
-0.00000000 -0.00000000 -0.00000000 1.00000000
84 84 85
0.01234723 -0.40229037 0.91542886 -0.84008691
0.63479917 0.71050214 0.30367205 -0.57658806
-0.77257851 0.57736398 0.26414633 0.98375671
-0.00000000 -0.00000000 -0.00000000 1.00000000
85 85 86
0.00262385 -0.40207346 0.91560365 -0.84522090
0.62961511 0.71200416 0.31086154 -0.58411382
-0.77690278 0.57566224 0.25501972 0.99845930
-0.00000000 -0.00000000 -0.00000000 1.00000000
86 86 87
-0.00944133 -0.40970491 0.91216926 -0.85469031
0.62982794 0.70608782 0.32366149 -0.58953277
-0.77667730 0.57756547 0.25137719 1.01266088
-0.00000000 -0.00000000 -0.00000000 1.00000000
87 87 88
-0.02150218 -0.41643989 0.90890895 -0.85814493
0.63438658 0.69697097 0.33434285 -0.59517316
-0.77271685 0.58378874 0.24919748 1.02029068
-0.00000000 -0.00000000 -0.00000000 1.00000000
88 88 89
-0.04081825 -0.41923808 0.90695827 -0.85880590
0.64082378 0.68545201 0.34568832 -0.60613886
-0.76660208 0.59531082 0.24067878 1.02731452
-0.00000000 -0.00000000 -0.00000000 1.00000000
89 89 90
-0.05851940 -0.41479176 0.90803264 -0.86829931
0.64554182 0.67810106 0.35136122 -0.61525427
-0.76147964 0.60673449 0.22808336 1.03542403
-0.00000000 -0.00000000 -0.00000000 1.00000000
90 90 91
-0.07750883 -0.41162719 0.90805035 -0.86817842
0.64651066 0.67258543 0.36007335 -0.62518352
-0.75895741 0.61497309 0.21399006 1.04029943
-0.00000000 -0.00000000 -0.00000000 1.00000000
91 91 92
-0.09826351 -0.41079368 0.90641758 -0.87514491
0.64808910 0.66478340 0.37154214 -0.63591838
-0.75519852 0.62394839 0.20090696 1.05184462
-0.00000000 -0.00000000 -0.00000000 1.00000000
92 92 93
-0.11464576 -0.41305075 0.90346302 -0.87441205
0.65374887 0.65339915 0.38168308 -0.64198464
-0.74797645 0.63439627 0.19512202 1.05943691
-0.00000000 -0.00000000 -0.00000000 1.00000000
93 93 94
-0.12776859 -0.41033401 0.90294030 -0.87315195
0.65819707 0.64595064 0.38668385 -0.64014752
-0.74192440 0.64371871 0.18754844 1.06411934
-0.00000000 -0.00000000 -0.00000000 1.00000000
94 94 95
-0.14967148 -0.41005897 0.89969444 -0.87902234
0.66222953 0.63411764 0.39918275 -0.64846700
-0.73420058 0.65555050 0.17664384 1.07473605
-0.00000000 -0.00000000 -0.00000000 1.00000000
95 95 96
-0.17005222 -0.40910085 0.89650362 -0.87761722
0.66375100 0.62487651 0.41105226 -0.64819180
-0.72836588 0.66495552 0.16527946 1.08130677
-0.00000000 -0.00000000 -0.00000000 1.00000000
96 96 97
-0.18853390 -0.41190744 0.89150840 -0.88348646
0.66306070 0.61625190 0.42495188 -0.65594280
-0.72443459 0.67124202 0.15693526 1.08453797
-0.00000000 -0.00000000 -0.00000000 1.00000000
97 97 98
-0.20741040 -0.41512554 0.88580569 -0.87991163
0.66194536 0.60715673 0.43953276 -0.66047002
-0.72028416 0.67751863 0.14885980 1.08916992
-0.00000000 -0.00000000 -0.00000000 1.00000000
98 98 99
-0.22875730 -0.42080223 0.87783574 -0.88817819
0.66074266 0.59510696 0.45745693 -0.66532169
-0.71490505 0.68467013 0.14190693 1.09320156
-0.00000000 -0.00000000 -0.00000000 1.00000000
99 99 100
-0.24354862 -0.42444157 0.87208567 -0.88956522
0.65839936 0.58788934 0.46999617 -0.66649963
-0.71217579 0.68864757 0.13627242 1.09510835
-0.00000000 -0.00000000 -0.00000000 1.00000000
100 100 101
-0.25968544 -0.43418679 0.86258060 -0.88983831
0.65403729 0.57809738 0.48789204 -0.67711412
-0.71049187 0.69085834 0.13385088 1.10018451
-0.00000000 -0.00000000 -0.00000000 1.00000000
101 101 102
-0.27400826 -0.44315318 0.85354246 -0.89354482
0.65270844 0.56612411 0.50346318 -0.67868981
-0.70632228 0.69506744 0.13412714 1.09533754
-0.00000000 -0.00000000 -0.00000000 1.00000000
102 102 103
-0.29306770 -0.44940212 0.84388924 -0.89170383
0.65209186 0.55153851 0.52017447 -0.68868889
-0.69920493 0.70273964 0.13141334 1.10075074
-0.00000000 -0.00000000 -0.00000000 1.00000000
103 103 104
-0.30614815 -0.45044031 0.83867564 -0.89583106
0.65587968 0.53872984 0.52876460 -0.69793272
-0.68999649 0.71195062 0.13050350 1.10124534
-0.00000000 -0.00000000 -0.00000000 1.00000000
104 104 105
-0.31795984 -0.44997060 0.83452262 -0.89385207
0.65982786 0.52704804 0.53558151 -0.71046935
-0.68082945 0.72093469 0.12932302 1.10056877
-0.00000000 -0.00000000 -0.00000000 1.00000000
105 105 106
-0.32834269 -0.44549205 0.83290330 -0.89300524
0.66184454 0.52061725 0.53936953 -0.71978189
-0.67390867 0.72835054 0.12390561 1.09859116
-0.00000000 -0.00000000 -0.00000000 1.00000000
106 106 107
-0.34185295 -0.44033079 0.83020802 -0.89308880
0.66209296 0.51408876 0.54529411 -0.72658344
-0.66691039 0.73608529 0.11579715 1.09866761
-0.00000000 -0.00000000 -0.00000000 1.00000000
107 107 108
-0.35696125 -0.43633982 0.82594566 -0.88748879
0.66602840 0.50107905 0.55256307 -0.73529212
-0.65496934 0.74734687 0.11174891 1.10144655
-0.00000000 -0.00000000 -0.00000000 1.00000000
108 108 109
-0.36684174 -0.43192558 0.82393412 -0.88488053
0.66849280 0.49353980 0.55635945 -0.74009362
-0.64695016 0.75488990 0.10768814 1.10212895
-0.00000000 -0.00000000 -0.00000000 1.00000000
109 109 110
-0.37754570 -0.42572389 0.82232500 -0.88293503
0.66818837 0.48956033 0.56022762 -0.74855842
-0.64107998 0.76097953 0.09963236 1.10418968
-0.00000000 -0.00000000 -0.00000000 1.00000000
110 110 111
-0.38641712 -0.42711693 0.81746739 -0.87612474
0.66670262 0.48309519 0.56756202 -0.75243772
-0.63732991 0.76432334 0.09808372 1.10663107
-0.00000000 -0.00000000 -0.00000000 1.00000000
111 111 112
-0.39699229 -0.43188271 0.80986075 -0.87204907
0.66777571 0.46942786 0.57767905 -0.75932618
-0.62966079 0.77013947 0.10204154 1.11500584
-0.00000000 -0.00000000 -0.00000000 1.00000000
112 112 113
-0.40289614 -0.44406889 0.80029840 -0.86728616
0.66680495 0.45654182 0.58901675 -0.76158202
-0.62693370 0.77095550 0.11216839 1.11677838
-0.00000000 -0.00000000 -0.00000000 1.00000000
113 113 114
-0.41123190 -0.45659986 0.78892641 -0.86397199
0.66282234 0.44435386 0.60267421 -0.76988320
-0.62574346 0.77075691 0.11991210 1.12295712
-0.00000000 -0.00000000 -0.00000000 1.00000000
114 114 115
-0.41443086 -0.46837602 0.78030185 -0.86085386
0.65853352 0.43745900 0.61234241 -0.77335535
-0.62815656 0.76762851 0.12714480 1.12185375
-0.00000000 -0.00000000 -0.00000000 1.00000000
115 115 116
-0.39685675 -0.47547251 0.78513095 -0.85313665
0.66787016 0.43718593 0.60234369 -0.74474202
-0.62964607 0.76340969 0.14405372 1.09292924
-0.00000000 -0.00000000 -0.00000000 1.00000000
116 116 117
-0.42347157 -0.47446958 0.77171915 -0.85394561
0.65803641 0.42437775 0.62200612 -0.79512748
-0.62262342 0.77122121 0.13250634 1.12517358
-0.00000000 -0.00000000 -0.00000000 1.00000000
117 117 118
-0.42762867 -0.47795199 0.76726503 -0.83791708
0.65482313 0.42135038 0.62743169 -0.79790745
-0.62316963 0.77073066 0.13279251 1.12340613
-0.00000000 -0.00000000 -0.00000000 1.00000000
118 118 119
-0.43208031 -0.47649577 0.76567512 -0.84575684
0.65783904 0.41423395 0.62901354 -0.81639863
-0.61689092 0.77547535 0.13447518 1.12756169
-0.00000000 -0.00000000 -0.00000000 1.00000000
119 119 120
-0.42521861 -0.48082139 0.76681154 -0.83558315
0.66117716 0.41355195 0.62595491 -0.81010877
-0.61808891 0.77316595 0.14205813 1.11974482
-0.00000000 -0.00000000 -0.00000000 1.00000000
120 120 121
-0.43401004 -0.48376829 0.76000232 -0.83950071
0.66009012 0.40335854 0.63370571 -0.82832823
-0.61312015 0.77670466 0.14426901 1.12704829
-0.00000000 -0.00000000 -0.00000000 1.00000000
121 121 122
-0.44205206 -0.48457295 0.75483708 -0.83302514
0.65899928 0.39545586 0.63979263 -0.83511019
-0.60853095 0.78025875 0.14452115 1.12619887
-0.00000000 -0.00000000 -0.00000000 1.00000000
122 122 123
-0.45186183 -0.48818415 0.74665730 -0.83076637
0.65084310 0.39200565 0.65018061 -0.84527407
-0.61010175 0.77974855 0.14059890 1.12381344
-0.00000000 -0.00000000 -0.00000000 1.00000000
123 123 124
-0.45985196 -0.48771560 0.74207120 -0.82721117
0.64614274 0.38945670 0.65637112 -0.85000228
-0.60912703 0.78131746 0.13604147 1.11803373
-0.00000000 -0.00000000 -0.00000000 1.00000000
124 124 125
-0.47170757 -0.49394739 0.73041628 -0.82139445
0.63477716 0.38471913 0.67011129 -0.86076708
-0.61200484 0.77974814 0.13207159 1.11741187
-0.00000000 -0.00000000 -0.00000000 1.00000000
125 125 126
-0.46615999 -0.50216899 0.72836885 -0.82607211
0.63334809 0.38541102 0.67106522 -0.86128678
-0.61770953 0.77413478 0.13838457 1.11066422
-0.00000000 -0.00000000 -0.00000000 1.00000000
126 126 127
-0.49715788 -0.50408482 0.70620998 -0.83014888
0.61603712 0.36809696 0.69642149 -0.87930450
-0.61100925 0.78128299 0.12753266 1.11683332
-0.00000000 -0.00000000 -0.00000000 1.00000000
127 127 128
-0.47500415 -0.51594590 0.71286106 -0.83425806
0.62088635 0.37756092 0.68698464 -0.87309027
-0.62359538 0.76892625 0.14100076 1.10190882
-0.00000000 -0.00000000 -0.00000000 1.00000000
128 128 129
-0.46989004 -0.52276892 0.71127772 -0.85141051
0.62085578 0.37706324 0.68728554 -0.88189660
-0.62748820 0.76454952 0.14738585 1.10324494
-0.00000000 -0.00000000 -0.00000000 1.00000000
129 129 130
-0.46673491 -0.52573676 0.71116762 -0.85819886
0.62508074 0.37275931 0.68580214 -0.87984473
-0.62564574 0.76462498 0.15464814 1.09711850
-0.00000000 -0.00000000 -0.00000000 1.00000000
130 130 131
-0.48498710 -0.52994143 0.69566486 -0.84393391
0.61636857 0.35717645 0.70179397 -0.88624567
-0.62038480 0.76914697 0.15341327 1.09491047
-0.00000000 -0.00000000 -0.00000000 1.00000000
131 131 132
-0.42689207 -0.54810869 0.71926353 -0.86421565
0.63745929 0.38175987 0.66925709 -0.85592250
-0.64141158 0.74420176 0.18642671 1.07095998
-0.00000000 -0.00000000 -0.00000000 1.00000000
132 132 133
-0.40470573 -0.56053599 0.72250445 -0.86818589
0.64239193 0.38803597 0.66087873 -0.85137384
-0.65080403 0.73159244 0.20304341 1.06209513
-0.00000000 -0.00000000 -0.00000000 1.00000000
133 133 134
-0.38489311 -0.56412389 0.73049403 -0.85871267
0.65011641 0.39609498 0.64842688 -0.83361225
-0.65513812 0.72448119 0.21429197 1.04919707
-0.00000000 -0.00000000 -0.00000000 1.00000000
134 134 135
-0.41013963 -0.56382963 0.71685538 -0.86558766
0.64247161 0.37925626 0.66587906 -0.85273569
-0.64731424 0.73366261 0.20669651 1.05585651
-0.00000000 -0.00000000 -0.00000000 1.00000000
135 135 136
-0.41343925 -0.56564254 0.71352400 -0.81927378
0.64008554 0.37677666 0.66957438 -0.83899971
-0.64757894 0.73354473 0.20628535 1.04330736
-0.00000000 -0.00000000 -0.00000000 1.00000000
136 136 137
-0.39871522 -0.57105415 0.71758158 -0.86151163
0.64740010 0.37893125 0.66127469 -0.84833261
-0.64953774 0.72822267 0.21861486 1.04302289
-0.00000000 -0.00000000 -0.00000000 1.00000000
137 137 138
-0.38657228 -0.57791741 0.71873037 -0.84325221
0.65264561 0.37920512 0.65593993 -0.83761766
-0.65162534 0.72264441 0.23058507 1.03077062
-0.00000000 -0.00000000 -0.00000000 1.00000000
138 138 139
-0.41961412 -0.57054680 0.70597474 -0.86593862
0.65034527 0.35360380 0.67232089 -0.86509530
-0.63322589 0.74124267 0.22267527 1.04553744
-0.00000000 -0.00000000 -0.00000000 1.00000000
139 139 140
-0.40223673 -0.57763639 0.71031107 -0.85931636
0.65464592 0.36091259 0.66421444 -0.84472036
-0.64003464 0.73217369 0.23297500 1.02235303
-0.00000000 -0.00000000 -0.00000000 1.00000000
140 140 141
-0.38177070 -0.58530272 0.71531242 -0.86263340
0.66209596 0.36681233 0.65351178 -0.84081417
-0.64488764 0.72309712 0.24748837 1.01521053
-0.00000000 -0.00000000 -0.00000000 1.00000000
141 141 142
-0.36832119 -0.59525091 0.71415394 -0.85889370
0.66290319 0.37043173 0.65064559 -0.82967894
-0.65184266 0.71306149 0.25815588 0.99903361
-0.00000000 -0.00000000 -0.00000000 1.00000000
142 142 143
-0.39218768 -0.59800681 0.69898260 -0.85227315
0.65510643 0.35186268 0.66860169 -0.85177274
-0.64577426 0.72012534 0.25376190 1.00973987
-0.00000000 -0.00000000 -0.00000000 1.00000000
143 143 144
-0.35457651 -0.61731577 0.70227968 -0.83963684
0.66287880 0.36375247 0.65442787 -0.83224097
-0.65944461 0.69757106 0.28022745 0.98751070
-0.00000000 -0.00000000 -0.00000000 1.00000000
144 144 145
-0.28627435 -0.63926544 0.71371332 -0.84740088
0.67738031 0.39178840 0.62262169 -0.79924115
-0.67764512 0.66169597 0.32086685 0.95421556
-0.00000000 -0.00000000 -0.00000000 1.00000000
145 145 146
-0.26425254 -0.64769566 0.71460544 -0.81127248
0.67663691 0.40348869 0.61592156 -0.78405815
-0.68726493 0.64628725 0.33163188 0.94033227
-0.00000000 -0.00000000 -0.00000000 1.00000000
146 146 147
-0.01676701 -0.66302293 0.74841129 -0.79754037
0.69146073 0.53298011 0.48766203 -0.67668596
-0.72221945 0.52567365 0.44951784 0.84390767
-0.00000000 -0.00000000 -0.00000000 1.00000000
147 147 148
-0.26327787 -0.66963939 0.69445507 -0.80432414
0.66674451 0.39395772 0.63265242 -0.80806261
-0.69723492 0.62958748 0.34275804 0.94380560
-0.00000000 -0.00000000 -0.00000000 1.00000000
148 148 149
-0.18466039 -0.68261440 0.70706302 -0.78189975
0.67975711 0.43088914 0.59351902 -0.77243169
-0.70981041 0.59023057 0.38444384 0.90615886
-0.00000000 -0.00000000 -0.00000000 1.00000000
149 149 150
-0.03655403 -0.67705583 0.73502327 -0.79254880
0.68661401 0.51740058 0.51074245 -0.70480027
-0.72610261 0.52334697 0.44596294 0.85269406
-0.00000000 -0.00000000 -0.00000000 1.00000000
150 150 151
-0.23976085 -0.67870851 0.69416820 -0.77814884
0.67248046 0.39959874 0.62296940 -0.80885186
-0.70020337 0.61617823 0.36061008 0.92911256
-0.00000000 -0.00000000 -0.00000000 1.00000000
151 151 152
-0.00011773 -0.68018313 0.73304222 -0.76226392
0.68852700 0.53155493 0.49333551 -0.69182430
-0.72521070 0.50477744 0.46826187 0.82906522
-0.00000000 -0.00000000 -0.00000000 1.00000000
152 152 153
-0.13364043 -0.68951781 0.71183244 -0.79406477
0.68160874 0.45746052 0.57108616 -0.77717035
-0.71940931 0.56151141 0.40884615 0.88860875
-0.00000000 -0.00000000 -0.00000000 1.00000000
153 153 154
-0.08996493 -0.69015821 0.71804454 -0.78606523
0.68325654 0.48178177 0.54867734 -0.74724455
-0.72461494 0.53997034 0.42821165 0.86106498
-0.00000000 -0.00000000 -0.00000000 1.00000000
154 154 155
-0.15700242 -0.69575888 0.70090643 -0.76301724
0.67424115 0.44306490 0.59084039 -0.78176217
-0.72162948 0.56534333 0.39954701 0.88258088
-0.00000000 -0.00000000 -0.00000000 1.00000000
155 155 156
-0.11873323 -0.69779235 0.70639101 -0.75639453
0.67336187 0.46624939 0.57375543 -0.74630843
-0.72971652 0.54378061 0.41450747 0.85519397
-0.00000000 -0.00000000 -0.00000000 1.00000000
156 156 157
-0.37221609 -0.68039593 0.63128168 -0.76745524
0.62242813 0.32155782 0.71357115 -0.86322606
-0.68850447 0.65853014 0.30380857 0.94740863
-0.00000000 -0.00000000 -0.00000000 1.00000000
157 157 158
-0.17616805 -0.70498227 0.68699695 -0.77544133
0.66161013 0.43196168 0.61292833 -0.77878309
-0.72885997 0.56250254 0.39032556 0.86813780
-0.00000000 -0.00000000 -0.00000000 1.00000000
158 158 159
-0.03159190 -0.69900926 0.71441445 -0.76722060
0.66995120 0.51562459 0.53413169 -0.70524601
-0.74173266 0.49549705 0.45201254 0.80861389
-0.00000000 -0.00000000 -0.00000000 1.00000000
159 159 160
-0.01467317 -0.70286751 0.71116943 -0.77598626
0.66285192 0.52566321 0.53320308 -0.71231293
-0.74860673 0.47922380 0.45818393 0.81378402
-0.00000000 -0.00000000 -0.00000000 1.00000000
160 160 161
0.07138618 -0.69750285 0.71301738 -0.76471546
0.65187307 0.57368162 0.49593438 -0.67326648
-0.75496060 0.42939397 0.49563626 0.78878064
-0.00000000 -0.00000000 -0.00000000 1.00000000
161 161 162
0.19259026 -0.67792670 0.70945358 -0.71341193
0.63260536 0.63846972 0.43836841 -0.62564316
-0.75014628 0.36437866 0.55182311 0.74623819
-0.00000000 -0.00000000 -0.00000000 1.00000000
162 162 163
0.51793318 -0.53751029 0.66545316 -0.60584593
0.52292371 0.81459311 0.25097580 -0.50240837
-0.67697563 0.21799254 0.70298168 0.64868675
-0.00000000 -0.00000000 -0.00000000 1.00000000
163 163 164
0.49950772 -0.55151158 0.66807710 -0.67144443
0.53049466 0.80440417 0.26741231 -0.52930208
-0.68488499 0.22083683 0.69438004 0.65422664
-0.00000000 -0.00000000 -0.00000000 1.00000000
164 164 165
0.46448138 -0.57310608 0.67513441 -0.66299145
0.54935380 0.78441618 0.28792647 -0.55431073
-0.69459877 0.23715117 0.67918471 0.67216104
-0.00000000 -0.00000000 -0.00000000 1.00000000
165 165 166
0.38858279 -0.61160387 0.68916190 -0.70420280
0.58515242 0.74155576 0.32816413 -0.58731910
-0.71175843 0.27574582 0.64603729 0.69843656
-0.00000000 -0.00000000 -0.00000000 1.00000000
166 166 167
0.26759528 -0.65685337 0.70493717 -0.72035891
0.61765118 0.67846819 0.39772847 -0.63779956
-0.73952673 0.32897501 0.58726114 0.74281398
-0.00000000 -0.00000000 -0.00000000 1.00000000
167 167 168
0.05080457 -0.71192682 0.70041352 -0.74869523
0.65638687 0.55237626 0.51384505 -0.73722771
-0.75271188 0.43363656 0.49536266 0.81851442
-0.00000000 -0.00000000 -0.00000000 1.00000000
168 168 169
0.16886219 -0.69266051 0.70121821 -0.72783910
0.64040151 0.61790919 0.45615144 -0.68898756
-0.74924727 0.37203447 0.54792234 0.77353535
-0.00000000 -0.00000000 -0.00000000 1.00000000
169 169 170
0.20263710 -0.68714790 0.69768616 -0.71725984
0.63820513 0.63304384 0.43812065 -0.67532289
-0.74271961 0.35648739 0.56681948 0.76674236
-0.00000000 -0.00000000 -0.00000000 1.00000000
170 170 171
0.34769172 -0.63430809 0.69048078 -0.65163152
0.60452813 0.71457588 0.35203274 -0.60400222
-0.71669813 0.29501618 0.63190920 0.72556606
-0.00000000 -0.00000000 -0.00000000 1.00000000
171 171 172
0.40517083 -0.63642646 0.65635201 -0.63257222
0.58262168 0.73299911 0.35109013 -0.62070595
-0.70454849 0.24015343 0.66778571 0.70954911
-0.00000000 -0.00000000 -0.00000000 1.00000000
172 172 173
0.60700688 -0.52077399 0.60028085 -0.56580672
0.49119901 0.83965472 0.23174012 -0.54172349
-0.62471287 0.15418951 0.76547986 0.65250903
-0.00000000 -0.00000000 -0.00000000 1.00000000
173 173 174
0.61146164 -0.52768966 0.58962554 -0.58798748
0.48849879 0.83794741 0.24333735 -0.56320141
-0.62248180 0.13923991 0.77014846 0.64934798
-0.00000000 -0.00000000 -0.00000000 1.00000000
174 174 175
0.61119933 -0.53138070 0.58657474 -0.53121654
0.49324661 0.83532593 0.24277227 -0.57064827
-0.61898559 0.14094375 0.77265238 0.66176703
-0.00000000 -0.00000000 -0.00000000 1.00000000
175 175 176
0.75137706 -0.42104706 0.50808649 -0.48538021
0.39204915 0.90419075 0.16951861 -0.51951039
-0.53078241 0.07182248 0.84445933 0.61392200
-0.00000000 -0.00000000 -0.00000000 1.00000000
176 176 177
0.80565543 -0.34795155 0.47942575 -0.46362575
0.32931294 0.93580570 0.12578024 -0.50594616
-0.49241478 0.05654557 0.86852189 0.60818183
-0.00000000 -0.00000000 -0.00000000 1.00000000
177 177 178
0.87727196 -0.24392052 0.41339652 -0.39293353
0.23033808 0.96954170 0.08326624 -0.48870114
-0.42111551 0.02217382 0.90673593 0.59041364
-0.00000000 -0.00000000 -0.00000000 1.00000000
178 178 179
0.86240123 -0.26932869 0.42863293 -0.40771881
0.25277950 0.96271658 0.09632914 -0.49842756
-0.43859623 0.02527525 0.89832873 0.60120232
-0.00000000 -0.00000000 -0.00000000 1.00000000
179 179 180
0.94244915 -0.11699779 0.31321097 -0.32297939
0.10850900 0.99310061 0.04446319 -0.46583886
-0.31625210 -0.00791809 0.94864214 0.56521770
0.00000000 -0.00000000 -0.00000000 1.00000000
180 180 181
0.91250775 -0.17374151 0.37032891 -0.35698138
0.16052528 0.98479054 0.06647721 -0.49807860
-0.37624626 -0.00121382 0.92651890 0.59386790
0.00000000 -0.00000000 -0.00000000 1.00000000
181 181 182
0.89310686 -0.20390946 0.40097515 -0.38999829
0.18498210 0.97898660 0.08583038 -0.51299854
-0.41005093 -0.00248248 0.91205925 0.60835679
0.00000000 -0.00000000 -0.00000000 1.00000000
182 182 183
0.83130137 -0.28379199 0.47791227 -0.39941648
0.25845710 0.95858413 0.11965117 -0.51735156
-0.49207516 0.02405364 0.87022035 0.62143960
-0.00000000 -0.00000000 -0.00000000 1.00000000
183 183 184
0.87730033 -0.23921399 0.41607787 -0.42897715
0.22356773 0.97081962 0.08675681 -0.45725585
-0.42469000 0.01690981 0.90518090 0.55231973
-0.00000000 -0.00000000 -0.00000000 1.00000000
184 184 185
0.85510278 -0.28518088 0.43297934 -0.40145735
0.26669080 0.95811478 0.10436519 -0.51309483
-0.44460686 0.02622864 0.89534172 0.59305550
-0.00000000 -0.00000000 -0.00000000 1.00000000
185 185 186
0.79698733 -0.35115701 0.49142644 -0.42527318
0.32242113 0.93535129 0.14547365 -0.52366790
-0.51074045 0.04250561 0.85868357 0.60668234
-0.00000000 -0.00000000 -0.00000000 1.00000000
186 186 187
0.67484717 -0.46875566 0.56995563 -0.50752646
0.42674426 0.87799645 0.21682153 -0.55117248
-0.60205534 0.09690389 0.79255221 0.63946466
-0.00000000 -0.00000000 -0.00000000 1.00000000
187 187 188
0.60976071 -0.52949674 0.58976697 -0.51068275
0.49329420 0.83595295 0.24050676 -0.55609263
-0.62036498 0.14427705 0.77092894 0.64703405
-0.00000000 -0.00000000 -0.00000000 1.00000000
188 188 189
0.63904215 -0.52448348 0.56262083 -0.51190867
0.48701466 0.84206648 0.23182054 -0.53925107
-0.59535019 0.12586149 0.79354712 0.61573774
-0.00000000 -0.00000000 -0.00000000 1.00000000
189 189 190
0.66891840 -0.49157965 0.55758194 -0.48309307
0.45755217 0.86345837 0.21233380 -0.53877650
-0.58582777 0.11308884 0.80250653 0.62624792
-0.00000000 -0.00000000 -0.00000000 1.00000000
190 190 191
0.59250067 -0.55442842 0.58442458 -0.54112321
0.51261009 0.81913258 0.25739602 -0.55587913
-0.62142888 0.14707463 0.76954220 0.63157136
-0.00000000 -0.00000000 -0.00000000 1.00000000
191 191 192
0.71142221 -0.45947792 0.53175039 -0.46348525
0.42988008 0.88310716 0.18794909 -0.53039925
-0.55595104 0.09487774 0.82578245 0.61171518
-0.00000000 -0.00000000 -0.00000000 1.00000000
192 192 193
0.84345826 -0.31429013 0.43566028 -0.37154788
0.29692158 0.94860509 0.10948040 -0.50480280
-0.44767817 0.03701479 0.89342832 0.58957283
-0.00000000 -0.00000000 -0.00000000 1.00000000
193 193 194
0.86189723 -0.28926826 0.41648174 -0.36039733
0.26680274 0.95714527 0.11264649 -0.52148034
-0.43121858 0.01402877 0.90213842 0.59287542
-0.00000000 -0.00000000 -0.00000000 1.00000000
194 194 195
0.88834082 -0.24559554 0.38798637 -0.37160740
0.23448191 0.96910048 0.07656688 -0.48753401
-0.39480226 0.02295830 0.91847923 0.57140937
-0.00000000 -0.00000000 -0.00000000 1.00000000
195 195 196
0.84814003 -0.30995119 0.42963793 -0.38275551
0.28985383 0.95032950 0.11339577 -0.51784369
-0.44344476 0.02835671 0.89585303 0.59438511
-0.00000000 -0.00000000 -0.00000000 1.00000000
196 196 197
0.74769881 -0.41904775 0.51511694 -0.45083173
0.38267003 0.90588424 0.18148661 -0.55098948
-0.54268788 0.06142250 0.83768559 0.63289737
-0.00000000 -0.00000000 -0.00000000 1.00000000
197 197 198
0.64219489 -0.51600203 0.56685768 -0.50713184
0.46681662 0.84982008 0.24472040 -0.57224067
-0.60800326 0.10746039 0.78662844 0.65492857
-0.00000000 -0.00000000 -0.00000000 1.00000000
198 198 199
0.76191817 -0.40110445 0.50852328 -0.40373860
0.37004961 0.91397596 0.16646692 -0.52871922
-0.53154868 0.06134467 0.84480343 0.63989151
-0.00000000 -0.00000000 -0.00000000 1.00000000
199 199 200
0.80682404 -0.35794357 0.47001210 -0.38116531
0.31869863 0.93357819 0.16389918 -0.54261508
-0.49745970 0.01755442 0.86730945 0.63879129
-0.00000000 -0.00000000 -0.00000000 1.00000000
200 200 201
0.88516664 -0.23925599 0.39904461 -0.36876366
0.21142316 0.97082886 0.11309986 -0.49515451
-0.41446384 -0.01574495 0.90992957 0.59758322
0.00000000 -0.00000000 -0.00000000 1.00000000
201 201 202
0.84840206 -0.31050207 0.42872183 -0.39199441
0.26682679 0.95032814 0.16024948 -0.52005997
-0.45718421 -0.02156152 0.88911062 0.60891464
0.00000000 -0.00000000 -0.00000000 1.00000000
202 202 203
0.74768831 -0.43730485 0.49972659 -0.41219641
0.36743697 0.89929151 0.23720214 -0.58250526
-0.55312952 0.00626476 0.83307172 0.66022168
-0.00000000 -0.00000000 -0.00000000 1.00000000
203 203 204
0.72879715 -0.46808133 0.49975453 -0.42445304
0.40147258 0.88334995 0.24189385 -0.56171258
-0.55468413 0.02434619 0.83170474 0.63511908
-0.00000000 -0.00000000 -0.00000000 1.00000000
204 204 205
0.77350282 -0.41921646 0.47534298 -0.38742795
0.36309671 0.90782759 0.20978523 -0.54701245
-0.51947490 0.01032600 0.85442332 0.63204337
-0.00000000 -0.00000000 -0.00000000 1.00000000
205 205 206
0.83607013 -0.33379612 0.43539280 -0.35525415
0.29249235 0.94261736 0.16099922 -0.52203464
-0.46414972 -0.00725758 0.88572703 0.62372052
0.00000000 -0.00000000 -0.00000000 1.00000000
206 206 207
0.81141140 -0.36864480 0.45355546 -0.38699619
0.32526672 0.92954657 0.17362240 -0.52491556
-0.48560591 0.00664731 0.87415257 0.63682126
-0.00000000 -0.00000000 -0.00000000 1.00000000
207 207 208
0.92062911 -0.18466314 0.34400809 -0.32069069
0.15833035 0.98195797 0.10339267 -0.47349309
-0.35689430 -0.04071938 0.93325687 0.59590067
0.00000000 -0.00000000 -0.00000000 1.00000000
208 208 209
0.92172383 -0.18517523 0.34078631 -0.26922288
0.16164352 0.98212308 0.09646567 -0.51884225
-0.35255715 -0.03382881 0.93517863 0.63584553
0.00000000 -0.00000000 -0.00000000 1.00000000
209 209 210
0.86269192 -0.25464555 0.43694198 -0.35973629
0.23817838 0.96674381 0.09315297 -0.48408260
-0.44613194 0.02370781 0.89465313 0.64865822
-0.00000000 -0.00000000 -0.00000000 1.00000000
210 210 211
0.84886325 -0.31069427 0.42766839 -0.33810095
0.28153041 0.95047096 0.13170264 -0.52256969
-0.44740564 0.00860412 0.89428975 0.64052043
-0.00000000 -0.00000000 -0.00000000 1.00000000
211 211 212
0.76487566 -0.40297141 0.50257265 -0.41058692
0.37716471 0.91261505 0.15773573 -0.51999509
-0.52221835 0.06890445 0.85002363 0.65332079
-0.00000000 -0.00000000 -0.00000000 1.00000000
212 212 213
0.67869706 -0.47150790 0.56307247 -0.45326966
0.44619915 0.87369851 0.19379690 -0.51940243
-0.58333234 0.11971307 0.80336303 0.67190675
-0.00000000 -0.00000000 -0.00000000 1.00000000
213 213 214
0.65788243 -0.49481957 0.56775373 -0.47285511
0.46745524 0.85936533 0.20730852 -0.50812072
-0.59048819 0.12901482 0.79666735 0.65848468
-0.00000000 -0.00000000 -0.00000000 1.00000000
214 214 215
0.64152917 -0.49611675 0.58507136 -0.48680010
0.47955045 0.85467463 0.19890358 -0.49665162
-0.59872505 0.15296878 0.78621172 0.67346403
-0.00000000 -0.00000000 -0.00000000 1.00000000
215 215 216
0.65154044 -0.46971282 0.59570540 -0.44185616
0.46472065 0.86779442 0.17597601 -0.47876824
-0.59960802 0.16218112 0.78368840 0.68695138
-0.00000000 -0.00000000 -0.00000000 1.00000000
216 216 217
0.80807418 -0.31631961 0.49694872 -0.31482488
0.32926075 0.94205150 0.06423652 -0.43047627
-0.48847055 0.11171784 0.86539912 0.67386015
-0.00000000 -0.00000000 -0.00000000 1.00000000
217 217 218
0.92106637 -0.16622693 0.35214393 -0.26106994
0.18087135 0.98346696 -0.00884818 -0.41935293
-0.34485112 0.07184251 0.93590403 0.64872934
-0.00000000 -0.00000000 -0.00000000 1.00000000
218 218 219
0.85072829 -0.28334231 0.44269460 -0.32789397
0.29526733 0.95442597 0.04345433 -0.42645796
-0.43483167 0.09374543 0.89561890 0.66430351
-0.00000000 -0.00000000 -0.00000000 1.00000000
219 219 220
0.80640899 -0.31632288 0.49964425 -0.41276509
0.33866878 0.93966521 0.04829848 -0.41373983
-0.48477624 0.13026558 0.86488316 0.67796349
-0.00000000 -0.00000000 -0.00000000 1.00000000
220 220 221
0.60698805 -0.49919726 0.61835879 -0.46544237
0.51728643 0.83887094 0.16944111 -0.47969583
-0.60330776 0.21701989 0.76741261 0.72805964
-0.00000000 -0.00000000 -0.00000000 1.00000000
221 221 222
0.65603010 -0.46473150 0.59468407 -0.43078992
0.49058307 0.86134884 0.13193339 -0.45739978
-0.57354403 0.20518967 0.79306018 0.72176665
-0.00000000 -0.00000000 -0.00000000 1.00000000
222 222 223
0.67963630 -0.45239998 0.57743291 -0.43505994
0.48616298 0.86726070 0.10725873 -0.44957840
-0.54930871 0.20782958 0.80936197 0.71440576
-0.00000000 -0.00000000 -0.00000000 1.00000000
223 223 224
0.56141761 -0.52058688 0.64327254 -0.49383772
0.55728458 0.81248910 0.17115884 -0.49047289
-0.61175498 0.26239428 0.74626074 0.76415101
-0.00000000 -0.00000000 -0.00000000 1.00000000
224 224 225
0.41778471 -0.58222216 0.69747638 -0.53903699
0.62642256 0.74063146 0.24302224 -0.52319893
-0.65806588 0.33538396 0.67414160 0.80003200
-0.00000000 -0.00000000 -0.00000000 1.00000000
225 225 226
0.49434146 -0.57081070 0.65559261 -0.46513374
0.60740487 0.76634270 0.20923237 -0.50020871
-0.62184069 0.29477791 0.72554817 0.76710205
-0.00000000 -0.00000000 -0.00000000 1.00000000
226 226 227
0.44573230 -0.58058623 0.68135332 -0.53369841
0.62284764 0.74783824 0.22977987 -0.51453200
-0.64294910 0.32195900 0.69495242 0.79365390
-0.00000000 -0.00000000 -0.00000000 1.00000000
227 227 228
0.47980028 -0.58098826 0.65745291 -0.53081030
0.61511916 0.75708228 0.22012461 -0.51631769
-0.62563576 0.29879604 0.72062530 0.77714484
-0.00000000 -0.00000000 -0.00000000 1.00000000
228 228 229
0.49648449 -0.54070897 0.67907066 -0.54506700
0.59963654 0.77928062 0.18209265 -0.48850049
-0.62764574 0.31678941 0.71112959 0.79709399
-0.00000000 -0.00000000 -0.00000000 1.00000000
229 229 230
0.49969400 -0.58368277 0.64001589 -0.52629485
0.61360686 0.76004049 0.21406792 -0.51987112
-0.61138574 0.28574969 0.73793942 0.77587151
-0.00000000 -0.00000000 -0.00000000 1.00000000
230 230 231
0.54075639 -0.54870002 0.63758200 -0.51184257
0.58179256 0.79139806 0.18763404 -0.50978289
-0.60753596 0.26947616 0.74718315 0.78790225
-0.00000000 -0.00000000 -0.00000000 1.00000000
231 231 232
0.62871106 -0.51671428 0.58114436 -0.48425105
0.54929901 0.82407599 0.13845349 -0.49100234
-0.55044801 0.23217478 0.80193632 0.76126660
-0.00000000 -0.00000000 -0.00000000 1.00000000
232 232 233
0.47808825 -0.59690969 0.64430617 -0.53759021
0.62494446 0.74663572 0.22799020 -0.53375741
-0.61715156 0.29365614 0.72999317 0.80548629
-0.00000000 -0.00000000 -0.00000000 1.00000000
233 233 234
0.60533619 -0.53929366 0.58543185 -0.47917007
0.56053342 0.81101411 0.16750643 -0.50125733
-0.56512864 0.22675641 0.79322831 0.77488445
-0.00000000 -0.00000000 -0.00000000 1.00000000
234 234 235
0.61676664 -0.53305128 0.57918499 -0.46587468
0.54700001 0.81935631 0.17159902 -0.51799523
-0.56602995 0.21097764 0.79693069 0.79372371
-0.00000000 -0.00000000 -0.00000000 1.00000000
235 235 236
0.51318469 -0.57456387 0.63758751 -0.52384086
0.59753888 0.77244002 0.21513646 -0.52777767
-0.61610775 0.27057859 0.73972865 0.82843715
-0.00000000 -0.00000000 -0.00000000 1.00000000
236 236 237
0.51887873 -0.52852491 0.67188264 -0.53095339
0.59029135 0.79002281 0.16559009 -0.49148343
-0.61832110 0.31068534 0.72190972 0.85292026
-0.00000000 -0.00000000 -0.00000000 1.00000000
237 237 238
0.68702461 -0.48940740 0.53710110 -0.42858901
0.49805996 0.85538064 0.14233850 -0.47526361
-0.52908739 0.16971850 0.83142177 0.76530222
-0.00000000 -0.00000000 -0.00000000 1.00000000
238 238 239
0.61653396 -0.52422771 0.58742760 -0.48029226
0.53709973 0.82557837 0.17304401 -0.51284209
-0.57568199 0.20881970 0.79055966 0.82545376
-0.00000000 -0.00000000 -0.00000000 1.00000000
239 239 240
0.57063990 -0.56995381 0.59120450 -0.49629437
0.57472738 0.79141007 0.20822713 -0.53200960
-0.58656504 0.22095870 0.77917823 0.82491731
-0.00000000 -0.00000000 -0.00000000 1.00000000
240 240 241
0.74500747 -0.44765935 0.49453511 -0.39095032
0.45386222 0.88348788 0.11600970 -0.48466420
-0.48884860 0.13802270 0.86138074 0.79296365
-0.00000000 -0.00000000 -0.00000000 1.00000000
241 241 242
0.73994089 -0.46241748 0.48852589 -0.42567607
0.46450557 0.87654095 0.12613701 -0.50594804
-0.48654090 0.13358907 0.86338399 0.80417606
-0.00000000 -0.00000000 -0.00000000 1.00000000
242 242 243
0.75283817 -0.41586756 0.51018513 -0.42087365
0.45377171 0.88939546 0.05538002 -0.45832442
-0.47678709 0.18981539 0.85827978 0.82999945
-0.00000000 -0.00000000 -0.00000000 1.00000000
243 243 244
0.71722542 -0.40193064 0.56924464 -0.46239477
0.46821579 0.88297822 0.03351765 -0.43973103
-0.51610239 0.24248962 0.82148470 0.87287497
-0.00000000 -0.00000000 -0.00000000 1.00000000
244 244 245
0.83720771 -0.31476316 0.44722186 -0.32846647
0.36121171 0.93226831 -0.02004712 -0.44493897
-0.41062068 0.17832538 0.89419837 0.83935310
-0.00000000 -0.00000000 -0.00000000 1.00000000
245 245 246
0.96850362 -0.09226715 0.23127368 -0.23505374
0.10634707 0.99311387 -0.04914409 -0.44872282
-0.22514672 0.07219150 0.97164672 0.81394586
-0.00000000 -0.00000000 -0.00000000 1.00000000
246 246 247
0.94615037 -0.18234795 0.26748589 -0.30626859
0.19765182 0.97977532 -0.03121034 -0.45163203
-0.25638493 0.08239875 0.96305618 0.80074711
-0.00000000 -0.00000000 -0.00000000 1.00000000
247 247 248
0.92155278 -0.20785107 0.32793048 -0.31912161
0.23852761 0.96953146 -0.05579728 -0.39844795
-0.30634139 0.12964061 0.94305263 0.79556320
-0.00000000 -0.00000000 -0.00000000 1.00000000
248 248 249
0.94018214 -0.15942755 0.30106545 -0.31927477
0.17659125 0.98381174 -0.03049586 -0.49132334
-0.29132984 0.08183718 0.95311573 0.85312563
-0.00000000 -0.00000000 -0.00000000 1.00000000
249 249 250
0.77877496 -0.40334563 0.48043924 -0.42020428
0.42046239 0.90400357 0.07738816 -0.49262078
-0.46553297 0.14173868 0.87360701 0.84021027
-0.00000000 -0.00000000 -0.00000000 1.00000000
250 250 251
0.96613340 -0.07113489 0.24804450 -0.26799037
0.09905482 0.98984583 -0.10194785 -0.41283230
-0.23827376 0.12306523 0.96336938 0.81249662
-0.00000000 -0.00000000 -0.00000000 1.00000000
251 251 252
0.99142136 0.00615520 0.13055955 -0.20370959
-0.00080736 0.99915987 -0.04097438 -0.48670525
-0.13070207 0.04051746 0.99059341 0.80117299
-0.00000000 -0.00000000 -0.00000000 1.00000000
252 252 253
0.95771977 -0.14083848 0.25087321 -0.29163104
0.15261719 0.98788781 -0.02802964 -0.50135687
-0.24388693 0.06513211 0.96761406 0.80424347
-0.00000000 -0.00000000 -0.00000000 1.00000000
253 253 254
0.96757246 -0.11013917 0.22731673 -0.22297904
0.12710531 0.98998982 -0.06135466 -0.49922264
-0.21828370 0.08825825 0.97188616 0.81453596
-0.00000000 -0.00000000 -0.00000000 1.00000000
254 254 255
0.99254123 0.09251780 0.07938745 -0.17563449
-0.08314137 0.98996907 -0.11423111 -0.42702914
-0.08915953 0.10677870 0.99027718 0.75772307
-0.00000000 -0.00000000 -0.00000000 1.00000000
255 255 256
0.99033333 -0.03281924 0.13476938 -0.26161393
0.03812804 0.99858760 -0.03700086 -0.50384666
-0.13336469 0.04178168 0.99018592 0.74124810
-0.00000000 -0.00000000 -0.00000000 1.00000000
256 256 257
0.99386257 0.03089392 0.10622031 -0.22673166
-0.02765453 0.99911045 -0.03183608 -0.51840362
-0.10710936 0.02870321 0.99383284 0.75031201
-0.00000000 -0.00000000 -0.00000000 1.00000000
257 257 258
0.99140078 0.00194897 0.13084610 -0.25253096
-0.00093145 0.99996886 -0.00783717 -0.55526032
-0.13085730 0.00764790 0.99137171 0.75991522
-0.00000000 -0.00000000 -0.00000000 1.00000000
258 258 259
0.97696293 -0.06581782 0.20300604 -0.27306417
0.06872499 0.99760896 -0.00729694 -0.59573012
-0.20204038 0.02108043 0.97915030 0.80325623
-0.00000000 -0.00000000 -0.00000000 1.00000000
259 259 260
0.95984131 -0.12185025 0.25269977 -0.24898832
0.12281967 0.99235650 0.01199645 -0.60178950
-0.25223003 0.01952182 0.96747037 0.79643111
-0.00000000 -0.00000000 -0.00000000 1.00000000
260 260 261
0.98434343 0.17618572 -0.00515843 -0.06567159
-0.17616097 0.98434910 0.00491625 -0.54079895
0.00594387 -0.00393057 0.99997461 0.71549189
-0.00000000 -0.00000000 -0.00000000 1.00000000
261 261 262
0.84810107 0.45110404 -0.27790237 0.21159511
-0.46500655 0.88513067 0.01768055 -0.48370165
0.25395568 0.11423152 0.96044660 0.69495012
-0.00000000 -0.00000000 -0.00000000 1.00000000
262 262 263
0.69887203 0.57812477 -0.42112899 0.42189596
-0.61529500 0.78615064 0.05813110 -0.48833576
0.36467785 0.21849236 0.90513598 0.73460048
-0.00000000 -0.00000000 -0.00000000 1.00000000
263 263 264
0.83661716 0.47637350 -0.27044411 0.29542205
-0.49624331 0.86816345 -0.00589994 -0.43943308
0.23197912 0.13914207 0.96271760 0.69070590
-0.00000000 0.00000000 -0.00000000 1.00000000
264 264 265
0.66419762 0.63729460 -0.39076478 0.36318291
-0.66724045 0.74110455 0.07452668 -0.53674799
0.33709301 0.21123362 0.91746862 0.76052773
-0.00000000 -0.00000000 -0.00000000 1.00000000
265 265 266
0.65693811 0.64160691 -0.39594556 0.37348609
-0.67453433 0.73477332 0.07149550 -0.51347254
0.33680224 0.22011075 0.91548649 0.74549619
-0.00000000 -0.00000000 -0.00000000 1.00000000
266 266 267
0.65831468 0.65098202 -0.37794733 0.34836520
-0.67314074 0.73383443 0.09147991 -0.58513019
0.33690255 0.19418918 0.92129650 0.77193036
-0.00000000 -0.00000000 -0.00000000 1.00000000
267 267 268
0.62243041 0.63509472 -0.45742221 0.38121934
-0.69708358 0.71557775 0.04497733 -0.59331478
0.35588602 0.29086626 0.88811146 0.83429642
-0.00000000 -0.00000000 -0.00000000 1.00000000
268 268 269
0.76352133 0.57158469 -0.30054305 0.30453344
-0.59332679 0.80463431 0.02295509 -0.56252778
0.25494803 0.16079354 0.95349197 0.77543540
-0.00000000 -0.00000000 -0.00000000 1.00000000
269 269 270
0.83296399 0.49944818 -0.23816486 0.28245634
-0.51177864 0.85903961 0.01155752 -0.55974614
0.21036543 0.11226069 0.97115597 0.77109206
-0.00000000 -0.00000000 -0.00000000 1.00000000
270 270 271
0.84960561 0.48278102 -0.21235065 0.27790693
-0.49032864 0.87132644 0.01918478 -0.59303956
0.19428878 0.08782211 0.97700519 0.79171638
-0.00000000 -0.00000000 -0.00000000 1.00000000
271 271 272
0.73272471 0.60805215 -0.30559300 0.35076352
-0.61686260 0.78308760 0.07908438 -0.63730661
0.28739351 0.13056181 0.94887227 0.81544487
-0.00000000 -0.00000000 -0.00000000 1.00000000
272 272 273
0.88805536 0.44547082 -0.11363730 0.13457983
-0.44507758 0.89498177 0.03022543 -0.63777411
0.11516785 0.02373556 0.99306243 0.82383022
-0.00000000 -0.00000000 -0.00000000 1.00000000
273 273 274
0.85075224 0.48828499 -0.19441807 0.19474059
-0.49545312 0.86853301 0.01328985 -0.71605701
0.17534775 0.08501867 0.98082873 0.90653343
-0.00000000 -0.00000000 -0.00000000 1.00000000
274 274 275
0.84496551 0.48513667 -0.22511264 0.20915387
-0.49247987 0.86992836 0.02623417 -0.71197466
0.20855902 0.08869647 0.97397950 0.90977143
-0.00000000 -0.00000000 -0.00000000 1.00000000
275 275 276
0.82841610 0.52311613 -0.20019061 0.20232357
-0.52406199 0.85005276 0.05262446 -0.74356813
0.19770128 0.06131734 0.97834267 0.91322857
-0.00000000 -0.00000000 -0.00000000 1.00000000
276 276 277
0.86895448 0.47711898 -0.13143663 0.11461914
-0.47676988 0.87828356 0.03617282 -0.76898218
0.13269737 0.03123249 0.99066439 0.93385909
-0.00000000 -0.00000000 -0.00000000 1.00000000
277 277 278
0.92147395 0.38792153 -0.02006582 0.03849607
-0.38604440 0.92029638 0.06343737 -0.81405768
0.04307522 -0.05070958 0.99778408 0.93515061
-0.00000000 -0.00000000 -0.00000000 1.00000000
278 278 279
0.97017581 0.21512431 0.11171582 -0.02801027
-0.22314813 0.97261617 0.06498223 -0.82447342
-0.09467735 -0.08797337 0.99161327 0.94273871
0.00000000 -0.00000000 -0.00000000 1.00000000
279 279 280
0.96391307 -0.00309165 0.26619926 -0.15873840
-0.02062322 0.99606045 0.08624541 -0.83697698
-0.26541719 -0.08862297 0.96005192 0.94196543
0.00000000 -0.00000000 -0.00000000 1.00000000
280 280 281
0.89505011 -0.21267041 0.39199056 -0.30265672
0.15870161 0.97332352 0.16569588 -0.90927029
-0.41677224 -0.08609658 0.90492446 0.99105055
0.00000000 -0.00000000 -0.00000000 1.00000000
281 281 282
0.84892887 -0.30624730 0.43073469 -0.39165408
0.24271246 0.94988533 0.19699877 -0.95401154
-0.46947891 -0.06269327 0.88071511 1.02691655
0.00000000 -0.00000000 -0.00000000 1.00000000
282 282 283
0.76825238 -0.40628626 0.49469157 -0.43407333
0.33901006 0.91373547 0.22396355 -0.97528241
-0.54301055 -0.00435511 0.83971458 1.05474584
0.00000000 -0.00000000 -0.00000000 1.00000000
283 283 284
0.55207604 -0.59291521 0.58622828 -0.51167938
0.50115474 0.79787620 0.33501865 -1.05558292
-0.66637525 0.10883531 0.73763060 1.12864827
-0.00000000 -0.00000000 -0.00000000 1.00000000
284 284 285
0.50465398 -0.59065164 0.62964673 -0.42404496
0.51224446 0.79193513 0.33233171 -1.02622514
-0.69493163 0.15482053 0.70221124 1.13575682
-0.00000000 -0.00000000 -0.00000000 1.00000000
285 285 286
0.36255966 -0.68107616 0.63614916 -0.43326878
0.56541911 0.70336436 0.43078975 -1.09131317
-0.74084527 0.20350391 0.64010502 1.18203722
-0.00000000 -0.00000000 -0.00000000 1.00000000
286 286 287
0.25816544 -0.73789010 0.62359346 -0.40334610
0.58616124 0.63272949 0.50603201 -1.11527624
-0.76796198 0.23488634 0.59587146 1.18228019
-0.00000000 -0.00000000 -0.00000000 1.00000000
287 287 288
0.19792718 -0.72828188 0.65607189 -0.44617460
0.59545151 0.62099632 0.50970684 -1.10211031
-0.77862849 0.28977416 0.55656860 1.20991849
-0.00000000 -0.00000000 -0.00000000 1.00000000
288 288 289
0.10855186 -0.77293681 0.62512813 -0.35626551
0.60668234 0.54966705 0.57428450 -1.09564148
-0.78749796 0.31691454 0.52859449 1.17740519
-0.00000000 -0.00000000 -0.00000000 1.00000000
289 289 290
-0.24863499 -0.80955297 0.53179378 -0.26917097
0.59035959 0.30860800 0.74581275 -1.11947980
-0.76789074 0.49938470 0.40119661 1.19142256
-0.00000000 -0.00000000 -0.00000000 1.00000000
290 290 291
0.08367769 -0.79921199 0.59519597 -0.24066372
0.56327883 0.53064784 0.63334811 -0.99107590
-0.82201886 0.28226418 0.49458258 1.11382863
-0.00000000 -0.00000000 -0.00000000 1.00000000
291 291 292
0.13088414 -0.79383334 0.59388380 -0.25520636
0.58282624 0.54619952 0.60164746 -0.93940067
-0.80198685 0.26738495 0.53415576 1.05045524
-0.00000000 -0.00000000 -0.00000000 1.00000000
292 292 293
0.18346745 -0.74582961 0.64037325 -0.27369487
0.56728689 0.61234319 0.55065543 -0.90453654
-0.80282332 0.26224800 0.53544440 1.06585590
-0.00000000 -0.00000000 -0.00000000 1.00000000
293 293 294
0.03351268 -0.78854900 0.61405812 -0.26995242
0.59719319 0.50845706 0.62034805 -0.95282733
-0.80139702 0.34592180 0.48795585 1.08504634
-0.00000000 -0.00000000 -0.00000000 1.00000000
294 294 295
0.00074448 -0.79796692 0.60270078 -0.22356208
0.59119232 0.48644791 0.64331957 -0.91246050
-0.80653028 0.35583314 0.47211407 1.06490944
-0.00000000 -0.00000000 -0.00000000 1.00000000
295 295 296
-0.30457964 -0.81292829 0.49636563 -0.11296972
0.53652465 0.28415755 0.79460417 -0.96931378
-0.78700225 0.50833265 0.34960747 1.09573605
-0.00000000 -0.00000000 -0.00000000 1.00000000
296 296 297
0.01154481 -0.72956986 0.68380885 -0.26780940
0.58636566 0.55887399 0.58637460 -0.77873626
-0.80996421 0.39419244 0.43424681 0.99717900
-0.00000000 -0.00000000 -0.00000000 1.00000000
297 297 298
0.01685082 -0.79158246 0.61082997 -0.24555261
0.56911421 0.50989074 0.64507399 -0.80997437
-0.82208580 0.33676199 0.45909290 0.96395063
-0.00000000 -0.00000000 -0.00000000 1.00000000
298 298 299
-0.09849302 -0.78224814 0.61513167 -0.29526970
0.58043728 0.45693957 0.67401691 -0.80630210
-0.80832647 0.42343132 0.40904062 0.99108477
-0.00000000 -0.00000000 -0.00000000 1.00000000
299 299 300
-0.15125246 -0.78393628 0.60213503 -0.27511594
0.58514427 0.41994555 0.69372323 -0.79769705
-0.79669874 0.45726321 0.39519802 0.97165744
-0.00000000 -0.00000000 -0.00000000 1.00000000
300 300 301
-0.22996456 -0.76593495 0.60038317 -0.27833431
0.59642418 0.37656921 0.70885388 -0.76257388
-0.76902178 0.52109431 0.37022455 0.94097151
-0.00000000 -0.00000000 -0.00000000 1.00000000
301 301 302
-0.68710820 -0.59902548 0.41115786 -0.14678968
0.44000585 0.10724660 0.89156773 -0.81383852
-0.57816707 0.79351537 0.18988470 1.01207780
-0.00000000 -0.00000000 -0.00000000 1.00000000
302 302 303
-0.80981833 -0.50336355 0.30136257 -0.17803243
0.33955728 0.01675243 0.94043618 -0.84690053
-0.47842985 0.86391232 0.15735434 1.01735353
-0.00000000 -0.00000000 -0.00000000 1.00000000
303 303 304
-0.79657502 -0.53168882 0.28770686 -0.16204973
0.33176092 0.01337701 0.94326865 -0.80785999
-0.50537405 0.84683414 0.16573778 0.97128617
-0.00000000 -0.00000000 -0.00000000 1.00000000
304 304 305
-0.80956976 -0.50598272 0.29762106 -0.20517566
0.34564038 -0.00107194 0.93836644 -0.78487628
-0.47447817 0.86254295 0.17575588 0.93961256
-0.00000000 -0.00000000 -0.00000000 1.00000000
305 305 306
-0.75448363 -0.54446389 0.36648810 -0.21673692
0.39745625 0.06532962 0.91529262 -0.70408610
-0.52228631 0.83623628 0.16711045 0.91325164
-0.00000000 -0.00000000 -0.00000000 1.00000000
306 306 307
-0.80807569 -0.49981897 0.31176061 -0.13309076
0.34465303 0.02805540 0.93831081 -0.64387096
-0.47773211 0.86567540 0.14959324 0.86516873
-0.00000000 -0.00000000 -0.00000000 1.00000000
307 307 308
-0.86675863 -0.42374183 0.26300634 -0.07992131
0.28369500 0.01480957 0.95880020 -0.62328806
-0.41017876 0.90566193 0.10737711 0.88664179
-0.00000000 -0.00000000 -0.00000000 1.00000000
308 308 309
-0.79447344 -0.50499051 0.33733741 -0.16420544
0.37033050 0.03738893 0.92814729 -0.60770587
-0.48131826 0.86231470 0.15730888 0.85478669
-0.00000000 -0.00000000 -0.00000000 1.00000000
309 309 310
-0.84001214 -0.45855591 0.29001050 -0.11369294
0.31785570 0.01727596 0.94798169 -0.55488205
-0.43971282 0.88849762 0.13124260 0.84391455
-0.00000000 -0.00000000 -0.00000000 1.00000000
310 310 311
-0.85989647 -0.44501145 0.25008573 -0.14799230
0.29472238 -0.03279434 0.95502003 -0.54948890
-0.41679345 0.89492421 0.15935457 0.81389438
-0.00000000 -0.00000000 -0.00000000 1.00000000
311 311 312
-0.90444768 -0.37950031 0.19481764 -0.12441764
0.21450567 -0.00984451 0.97667313 -0.55843177
-0.36872987 0.92513923 0.09030881 0.89096031
-0.00000000 -0.00000000 -0.00000000 1.00000000
312 312 313
-0.78098972 -0.53467857 0.32275979 -0.17119285
0.36478510 0.02895241 0.93064149 -0.46975738
-0.50693874 0.84455940 0.17243125 0.77977786
-0.00000000 -0.00000000 -0.00000000 1.00000000
313 313 314
-0.84483775 -0.46055752 0.27227917 -0.14023854
0.28223278 0.04870649 0.95810873 -0.41392803
-0.45452595 0.88629253 0.08883534 0.80982071
-0.00000000 -0.00000000 -0.00000000 1.00000000
314 314 315
-0.79557919 -0.51865027 0.31313839 -0.16326597
0.33570243 0.05287464 0.94048294 -0.34253152
-0.50433881 0.85334997 0.13204619 0.74528663
-0.00000000 -0.00000000 -0.00000000 1.00000000
315 315 316
-0.78064258 -0.51494896 0.35415354 -0.18648089
0.34623773 0.11542107 0.93101956 -0.29571628
-0.52030433 0.84941483 0.08819215 0.76104121
-0.00000000 -0.00000000 -0.00000000 1.00000000
316 316 317
-0.79396573 -0.49933159 0.34682326 -0.20545275
0.36491051 0.06487844 0.92877937 -0.29631332
-0.48627023 0.86397844 0.13070009 0.72712824
-0.00000000 -0.00000000 -0.00000000 1.00000000
317 317 318
-0.87446554 -0.41460386 0.25182070 -0.15378861
0.26072979 0.03603925 0.96473890 -0.28187527
-0.40905990 0.90928808 0.07658450 0.74769934
-0.00000000 -0.00000000 -0.00000000 1.00000000
318 318 319
-0.93260462 -0.33268077 0.13990046 -0.11208010
0.16195186 -0.03935698 0.98601350 -0.27539411
-0.32252167 0.94221788 0.09058277 0.70765464
-0.00000000 -0.00000000 -0.00000000 1.00000000
319 319 320
-0.96162398 -0.24915362 0.11489909 -0.11672548
0.10640722 0.04733427 0.99319533 -0.25067173
-0.25289688 0.96730654 -0.01900602 0.75580658
-0.00000000 -0.00000000 -0.00000000 1.00000000
320 320 321
-0.99178181 -0.12792590 0.00195155 -0.09482728
-0.00173145 0.02867258 0.99958736 -0.23169439
-0.12792907 0.99136918 -0.02865844 0.72221049
-0.00000000 -0.00000000 0.00000000 1.00000000
321 321 322
-0.99092879 -0.05171850 -0.12403760 0.06224007
-0.12366470 -0.01036139 0.99226997 -0.18664393
-0.05260391 0.99860795 0.00387164 0.65456475
0.00000000 0.00000000 -0.00000000 1.00000000
322 322 323
-0.99023624 -0.07666363 -0.11642543 0.07894346
-0.11662719 -0.00185547 0.99317403 -0.11993143
-0.07635635 0.99705529 -0.00710371 0.60174072
0.00000000 0.00000000 0.00000000 1.00000000
323 323 324
-0.98931044 -0.05100386 -0.13661429 0.06832091
-0.13932703 0.05406791 0.98876926 -0.05988170
-0.04304460 0.99723381 -0.06059617 0.60076791
0.00000000 0.00000000 0.00000000 1.00000000
324 324 325
-0.98622505 -0.03796177 -0.16099394 0.07936984
-0.16287585 0.05318772 0.98521192 -0.08561608
-0.02883749 0.99786270 -0.05863811 0.59975065
0.00000000 0.00000000 0.00000000 1.00000000
325 325 326
-0.98104907 -0.03060418 -0.19132724 0.08718903
-0.19303000 0.06876937 0.97877995 -0.07815706
-0.01679730 0.99716305 -0.07337365 0.59507939
0.00000000 0.00000000 0.00000000 1.00000000
326 326 327
-0.97271014 -0.00788636 -0.23188960 0.09819625
-0.23183931 0.07286788 0.97002103 -0.05181620
0.00924737 0.99731042 -0.07270769 0.56737954
0.00000000 -0.00000000 0.00000000 1.00000000
327 327 328
-0.96449571 0.00617156 -0.26402641 0.11039543
-0.26256744 0.08508577 0.96115491 -0.05224346
0.02839672 0.99635452 -0.08044441 0.57308357
0.00000000 -0.00000000 0.00000000 1.00000000
328 328 329
-0.95690581 0.02162281 -0.28959234 0.12561315
-0.28670678 0.08815882 0.95395348 -0.05011443
0.04615727 0.99587172 -0.07816028 0.57352420
0.00000000 -0.00000000 0.00000000 1.00000000
329 329 330
-0.94630465 0.04137892 -0.32061705 0.13774521
-0.31584510 0.09308414 0.94423367 -0.00312582
0.06891573 0.99479803 -0.07501663 0.53994912
0.00000000 -0.00000000 0.00000000 1.00000000
330 330 331
-0.94290446 0.04091660 -0.33054048 0.14083793
-0.32494527 0.10476549 0.93991210 -0.03057272
0.07308724 0.99365488 -0.08548819 0.56154024
0.00000000 -0.00000000 0.00000000 1.00000000
331 331 332
-0.93721162 0.04121435 -0.34631743 0.14995827
-0.33971130 0.11686193 0.93324141 -0.03209838
0.07893426 0.99229263 -0.09552338 0.55441125
0.00000000 -0.00000000 0.00000000 1.00000000
332 332 333
-0.93266789 0.04243072 -0.35823211 0.15426765
-0.35063517 0.12672358 0.92789876 -0.02965181
0.08476787 0.99103016 -0.10331331 0.54948670
0.00000000 -0.00000000 0.00000000 1.00000000
333 333 334
-0.92960281 0.04755201 -0.36548244 0.16846396
-0.35678229 0.13260977 0.92472755 -0.04276013
0.09243920 0.99002700 -0.10630870 0.55769766
0.00000000 -0.00000000 0.00000000 1.00000000
334 334 335
-0.92799041 0.05550644 -0.36844653 0.18614539
-0.35924203 0.12915326 0.92426436 -0.03882799
0.09888869 0.99006993 -0.09991274 0.55365261
0.00000000 -0.00000000 0.00000000 1.00000000
335 335 336
-0.92560809 0.05514909 -0.37444391 0.19343251
-0.36564050 0.12523842 0.92229191 -0.03479417
0.09775832 0.99059271 -0.09575696 0.55005369
0.00000000 -0.00000000 0.00000000 1.00000000
336 336 337
-0.91899192 0.07278997 -0.38749900 0.18612175
-0.37854141 0.11198804 0.91878457 0.03679639
0.11027355 0.99104001 -0.07536209 0.49786759
0.00000000 -0.00000000 0.00000000 1.00000000
337 337 338
-0.91471511 0.09090978 -0.39374062 0.21267238
-0.38339728 0.11262806 0.91669048 -0.00271462
0.12768237 0.98946972 -0.06816802 0.53467241
0.00000000 -0.00000000 0.00000000 1.00000000
338 338 339
-0.90982619 0.10483672 -0.40152904 0.22039219
-0.38955270 0.11778407 0.91344163 -0.00554565
0.14305595 0.98748983 -0.06632360 0.54149689
0.00000000 -0.00000000 0.00000000 1.00000000
339 339 340
-0.90186230 0.10939106 -0.41794496 0.22897751
-0.40533202 0.12052118 0.90619016 0.00571397
0.14950032 0.98666521 -0.06435381 0.54070705
0.00000000 -0.00000000 0.00000000 1.00000000
340 340 341
-0.88890952 0.12343405 -0.44113932 0.24619306
-0.42676692 0.12680001 0.89542825 0.01262817
0.16646280 0.98421837 -0.06003617 0.54805716
0.00000000 -0.00000000 0.00000000 1.00000000
341 341 342
-0.87930071 0.13191040 -0.45763513 0.25513419
-0.44135814 0.13540582 0.88705595 0.02774696
0.17897837 0.98196991 -0.06084270 0.54869529
0.00000000 -0.00000000 0.00000000 1.00000000
342 342 343
-0.86528234 0.13901445 -0.48162377 0.26403966
-0.46362914 0.14340923 0.87434650 0.03716699
0.19061609 0.97985140 -0.05963833 0.54968927
0.00000000 -0.00000000 0.00000000 1.00000000
343 343 344
-0.85189872 0.15004278 -0.50175266 0.26163346
-0.48225181 0.14883557 0.86329668 0.05171776
0.20421007 0.97741247 -0.05443443 0.54392334
0.00000000 -0.00000000 0.00000000 1.00000000
344 344 345
-0.83735737 0.15439470 -0.52439957 0.26981571
-0.50283172 0.15879999 0.84967219 0.05269806
0.21445952 0.97516401 -0.05533779 0.54823963
0.00000000 -0.00000000 0.00000000 1.00000000
345 345 346
-0.82235703 0.15965201 -0.54611368 0.26037754
-0.52305387 0.16562522 0.83605199 0.10078782
0.22392758 0.97318011 -0.05269647 0.51646409
0.00000000 -0.00000000 0.00000000 1.00000000
346 346 347
-0.81024460 0.16685259 -0.56183974 0.28092996
-0.53809810 0.16814384 0.82594072 0.06676637
0.23228024 0.97153891 -0.04645458 0.55087675
0.00000000 -0.00000000 0.00000000 1.00000000
347 347 348
-0.80500750 0.17754209 -0.56607573 0.28006766
-0.54209272 0.16753846 0.82344784 0.08182985
0.24103611 0.96974722 -0.03862544 0.54265548
0.00000000 -0.00000000 0.00000000 1.00000000
348 348 349
-0.79628181 0.19577696 -0.57236934 0.29146541
-0.54840786 0.16571055 0.81962726 0.08619326
0.25531177 0.96654612 -0.02458668 0.54108317
0.00000000 -0.00000000 0.00000000 1.00000000
349 349 350
-0.78911790 0.21437982 -0.57561639 0.29270984
-0.55021937 0.16985725 0.81756171 0.10023735
0.27304135 0.96186787 -0.01608146 0.52882535
0.00000000 -0.00000000 0.00000000 1.00000000
350 350 351
-0.77681726 0.23290695 -0.58507205 0.30581234
-0.55912396 0.17234580 0.81097307 0.09339005
0.28971597 0.95710568 -0.00365734 0.53513667
0.00000000 -0.00000000 0.00000000 1.00000000
351 351 352
-0.76462822 0.24261407 -0.59706121 0.30800812
-0.57112063 0.17416199 0.80217755 0.10057142
0.29860493 0.95436157 0.00539273 0.52360544
-0.00000000 -0.00000000 -0.00000000 1.00000000
352 352 353
-0.75638236 0.24407435 -0.60688833 0.30863648
-0.58035568 0.17763411 0.79475368 0.10489465
0.30178306 0.95334875 0.00729063 0.51164664
-0.00000000 -0.00000000 -0.00000000 1.00000000
353 353 354
-0.74510824 0.24838673 -0.61896506 0.31775077
-0.59216202 0.18060588 0.78531882 0.09923088
0.30685150 0.95167513 0.01251426 0.51004621
-0.00000000 -0.00000000 -0.00000000 1.00000000
354 354 355
-0.72139242 0.26602670 -0.63939250 0.32788415
-0.61367855 0.18228992 0.76822459 0.11601847
0.32092305 0.94657286 0.03175231 0.49283723
-0.00000000 -0.00000000 -0.00000000 1.00000000
355 355 356
-0.72893006 0.27641639 -0.62630260 0.28099353
-0.60409865 0.17068056 0.77841696 0.16170293
0.32206489 0.94576008 0.04256858 0.46095302
-0.00000000 -0.00000000 -0.00000000 1.00000000
356 356 357
-0.70130792 0.30808926 -0.64284385 0.32193460
-0.62370439 0.17149070 0.76261640 0.13931090
0.34519566 0.93577345 0.07188884 0.46785711
-0.00000000 -0.00000000 -0.00000000 1.00000000
357 357 358
-0.67497581 0.33099078 -0.65943367 0.35018181
-0.64096516 0.17965840 0.74624830 0.11353116
0.36547410 0.92637355 0.09088848 0.47982901
-0.00000000 -0.00000000 -0.00000000 1.00000000
358 358 359
-0.65463733 0.34981793 -0.67013236 0.36143510
-0.65389916 0.18275168 0.73417826 0.11167956
0.37929653 0.91881948 0.10910958 0.47006489
-0.00000000 -0.00000000 -0.00000000 1.00000000
359 359 360
-0.66842078 0.33594679 -0.66359130 0.34891161
-0.64848732 0.17369895 0.74114294 0.10880076
0.36424971 0.92572589 0.10175325 0.47427822
-0.00000000 -0.00000000 -0.00000000 1.00000000
360 360 361
-0.63965910 0.35478312 -0.68188355 0.34379832
-0.67176160 0.17314097 0.72024896 0.16146917
0.37359415 0.91877698 0.12757848 0.41683631
-0.00000000 -0.00000000 -0.00000000 1.00000000
361 361 362
-0.63169552 0.34954899 -0.69193661 0.34976565
-0.67944765 0.18010142 0.71127658 0.17025851
0.37324478 0.91944493 0.12373098 0.42381622
-0.00000000 -0.00000000 -0.00000000 1.00000000
362 362 363
-0.62722145 0.36215623 -0.68951876 0.36872256
-0.67987880 0.17729037 0.71157076 0.12989646
0.37994482 0.91510163 0.13502202 0.43606954
-0.00000000 -0.00000000 -0.00000000 1.00000000
363 363 364
-0.64760421 0.35258938 -0.67549206 0.36259439
-0.66751228 0.16500989 0.72608477 0.10053423
0.36747264 0.92111480 0.12849664 0.44373547
-0.00000000 -0.00000000 -0.00000000 1.00000000
364 364 365
-0.60966141 0.37378231 -0.69899910 0.36933195
-0.68726151 0.19012067 0.70108898 0.12142688
0.39494883 0.90782207 0.14097695 0.42004200
-0.00000000 -0.00000000 -0.00000000 1.00000000
365 365 366
-0.59511739 0.37900638 -0.70865327 0.35827675
-0.69875079 0.19154461 0.68924451 0.14458688
0.39696678 0.90535342 0.15083948 0.39884304
-0.00000000 -0.00000000 -0.00000000 1.00000000
366 366 367
-0.56181468 0.40051786 -0.72384371 0.37937564
-0.71765035 0.19929019 0.66727910 0.15374799
0.41151215 0.89435388 0.17546763 0.38884371
-0.00000000 -0.00000000 -0.00000000 1.00000000
367 367 368
-0.54400328 0.41484651 -0.72935780 0.39987261
-0.72887515 0.19699819 0.65569256 0.12498022
0.41569394 0.88830968 0.19520365 0.40058046
-0.00000000 -0.00000000 -0.00000000 1.00000000
368 368 369
-0.52043973 0.43024058 -0.73758764 0.38484155
-0.74484196 0.19365669 0.63851981 0.16122651
0.41755591 0.88169730 0.21967460 0.36509427
-0.00000000 -0.00000000 -0.00000000 1.00000000
369 369 370
-0.54462137 0.42174114 -0.72492894 0.37143381
-0.73120994 0.18455979 0.65671128 0.15164689
0.41075490 0.88773425 0.20786610 0.37000217
-0.00000000 -0.00000000 -0.00000000 1.00000000
370 370 371
-0.50920936 0.45327558 -0.73160582 0.39841404
-0.74973120 0.18380481 0.63570349 0.13957560
0.42262154 0.87221387 0.24623972 0.35682052
-0.00000000 -0.00000000 -0.00000000 1.00000000
371 371 372
-0.50580144 0.46500296 -0.72659283 0.39024318
-0.74775859 0.18364985 0.63806726 0.13853201
0.43014183 0.86605137 0.25481960 0.34242279
-0.00000000 -0.00000000 -0.00000000 1.00000000
372 372 373
-0.49039896 0.47661425 -0.72962163 0.39929025
-0.75804855 0.17976534 0.62693446 0.14354827
0.42996657 0.86053663 0.27314000 0.33182137
-0.00000000 -0.00000000 -0.00000000 1.00000000
373 373 374
-0.43953388 0.50832643 -0.74054993 0.39804331
-0.77633980 0.19968976 0.59784656 0.18321799
0.45178145 0.83769221 0.30686363 0.29759912
-0.00000000 -0.00000000 -0.00000000 1.00000000
374 374 375
-0.42696251 0.51595424 -0.74262658 0.40159704
-0.77628727 0.21205249 0.59364283 0.19035442
0.46376835 0.82995480 0.30999025 0.29839222
-0.00000000 -0.00000000 -0.00000000 1.00000000
375 375 376
-0.44318966 0.51761030 -0.73188968 0.40141044
-0.76752226 0.20270873 0.60812725 0.17711205
0.46313335 0.83125733 0.30743902 0.30201170
-0.00000000 -0.00000000 -0.00000000 1.00000000
376 376 377
-0.44549415 0.51603821 -0.73160066 0.40670202
-0.76612494 0.20308250 0.60976231 0.18074387
0.46323594 0.83214306 0.30487767 0.31078864
-0.00000000 -0.00000000 -0.00000000 1.00000000
377 377 378
-0.43641634 0.53267565 -0.72511891 0.41160019
-0.76871630 0.19805948 0.60815104 0.17199395
0.46756392 0.82281778 0.32304007 0.30680359
-0.00000000 -0.00000000 -0.00000000 1.00000000
378 378 379
-0.52727057 0.48780769 -0.69572222 0.38093505
-0.73355948 0.15187951 0.66243725 0.15450804
0.42880793 0.85963729 0.27775436 0.32551492
-0.00000000 -0.00000000 -0.00000000 1.00000000
379 379 380
-0.43215549 0.53886241 -0.72309676 0.40333569
-0.77883339 0.18118877 0.60049079 0.20541658
0.45459893 0.82267729 0.34138232 0.28134020
-0.00000000 -0.00000000 -0.00000000 1.00000000
380 380 381
-0.44862776 0.54310978 -0.70976397 0.41112338
-0.77161744 0.16532118 0.61422751 0.18605678
0.45093199 0.82322577 0.34490531 0.28743455
-0.00000000 -0.00000000 -0.00000000 1.00000000
381 381 382
-0.40088509 0.57046420 -0.71684151 0.41027247
-0.78872671 0.18314101 0.58683009 0.20662492
0.46604863 0.80064347 0.37652185 0.26170308
-0.00000000 -0.00000000 -0.00000000 1.00000000
382 382 383
-0.41803014 0.56314179 -0.71282685 0.38910542
-0.77647668 0.18579117 0.60213421 0.20370923
0.47152387 0.80520368 0.35960016 0.26350949
-0.00000000 -0.00000000 -0.00000000 1.00000000
383 383 384
-0.35790408 0.59409375 -0.72038690 0.41293760
-0.79741976 0.20693556 0.56683278 0.23352455
0.48582548 0.77732251 0.39967901 0.23328837
-0.00000000 -0.00000000 -0.00000000 1.00000000
384 384 385
-0.35901007 0.60747081 -0.70858379 0.41183229
-0.79230548 0.20291946 0.57539179 0.23146203
0.49331916 0.76798627 0.40845232 0.22649228
-0.00000000 -0.00000000 -0.00000000 1.00000000
385 385 386
-0.34719600 0.61633854 -0.70681097 0.41781344
-0.79401574 0.20783558 0.57126472 0.22838514
0.49899293 0.75955986 0.41722282 0.22621267
-0.00000000 -0.00000000 -0.00000000 1.00000000
386 386 387
-0.26310451 0.64958147 -0.71331615 0.43350676
-0.81901297 0.24038138 0.52099381 0.25721412
0.50989585 0.72129100 0.46877023 0.19009695
-0.00000000 -0.00000000 -0.00000000 1.00000000
387 387 388
-0.27554244 0.65109897 -0.70721036 0.43818560
-0.81770075 0.22804724 0.52854512 0.23874904
0.50541255 0.72392306 0.46956742 0.18901043
-0.00000000 -0.00000000 -0.00000000 1.00000000
388 388 389
-0.28355602 0.63004958 -0.72293396 0.43508356
-0.81231381 0.24284499 0.53025709 0.24539496
0.50964915 0.73760683 0.44293782 0.20492132
-0.00000000 -0.00000000 -0.00000000 1.00000000
389 389 390
-0.28844586 0.63744982 -0.71446254 0.41999804
-0.81731510 0.22479276 0.53053203 0.24668905
0.49879355 0.73697079 0.45615682 0.17946789
-0.00000000 -0.00000000 -0.00000000 1.00000000
390 390 391
-0.33023498 0.60419724 -0.72518311 0.42212381
-0.80683905 0.21802318 0.54906888 0.21680101
0.48985263 0.76642781 0.41549105 0.22339304
-0.00000000 -0.00000000 -0.00000000 1.00000000
391 391 392
-0.22545785 0.62326370 -0.74880646 0.45195972
-0.83345506 0.27461595 0.47951928 0.26024020
0.50450116 0.73220792 0.45754796 0.19318463
-0.00000000 -0.00000000 -0.00000000 1.00000000
392 392 393
-0.22707131 0.62283733 -0.74867368 0.45200976
-0.82983523 0.27861568 0.48347368 0.24854956
0.50971768 0.73105880 0.45358673 0.18832251
-0.00000000 -0.00000000 -0.00000000 1.00000000
393 393 394
-0.23022749 0.61733036 -0.75226227 0.44573139
-0.82664224 0.28382521 0.48590725 0.24314406
0.51347630 0.73372098 0.44496699 0.19453238
-0.00000000 -0.00000000 -0.00000000 1.00000000
394 394 395
-0.20823367 0.62657023 -0.75103161 0.46271411
-0.83347202 0.28814420 0.47148417 0.25640287
0.51182334 0.72414271 0.46222743 0.17476688
-0.00000000 -0.00000000 -0.00000000 1.00000000
395 395 396
-0.04599578 0.65235562 -0.75651605 0.42944396
-0.85469482 0.36631556 0.36784463 0.37343210
0.51708911 0.66350966 0.54071600 0.08989466
-0.00000000 -0.00000000 -0.00000000 1.00000000
396 396 397
-0.01173016 0.64509023 -0.76401636 0.45388339
-0.85769892 0.38628144 0.33932170 0.39081267
0.51401845 0.65927630 0.54876205 0.09602853
-0.00000000 -0.00000000 -0.00000000 1.00000000
397 397 398
-0.04701816 0.65340672 -0.75554547 0.46778792
-0.85345277 0.36675308 0.37028441 0.36200296
0.51904495 0.66223246 0.54040773 0.08924582
-0.00000000 -0.00000000 -0.00000000 1.00000000
398 398 399
-0.06248859 0.64277089 -0.76350557 0.47213454
-0.85277068 0.36306893 0.37545055 0.38871754
0.51853383 0.67455654 0.52544851 0.07596884
-0.00000000 -0.00000000 -0.00000000 1.00000000
399 399 400
-0.05375713 0.63021180 -0.77456004 0.50488628
-0.85335557 0.37381833 0.36337876 0.41095846
0.51855033 0.68050932 0.51769935 0.07075550
-0.00000000 -0.00000000 -0.00000000 1.00000000
400 400 401
-0.20702992 0.59944047 -0.77318157 0.55361341
-0.83792135 0.29929831 0.45640807 0.32244502
0.50500140 0.74235547 0.44032026 0.13138797
-0.00000000 -0.00000000 -0.00000000 1.00000000
401 401 402
-0.13753277 0.62680986 -0.76693816 0.53643479
-0.84586938 0.32853927 0.42019870 0.33638190
0.51535399 0.70652059 0.48501435 0.10142658
-0.00000000 -0.00000000 -0.00000000 1.00000000
402 402 403
-0.09852182 0.64184814 -0.76047644 0.48214429
-0.85252077 0.33975884 0.39720557 0.31994021
0.51332425 0.68745538 0.51371522 0.10473458
-0.00000000 -0.00000000 -0.00000000 1.00000000
403 403 404
-0.00768616 0.64106103 -0.76745142 0.49608327
-0.85725002 0.39091617 0.33512230 0.37430060
0.51484301 0.66047355 0.54654494 0.07324562
-0.00000000 -0.00000000 -0.00000000 1.00000000
404 404 405
-0.05073056 0.64529290 -0.76224897 0.51451889
-0.85753770 0.36306757 0.36443249 0.32574099
0.51191358 0.67214509 0.53494436 0.08859085
-0.00000000 -0.00000000 -0.00000000 1.00000000
405 405 406
0.01660445 0.65196218 -0.75806966 0.49469288
-0.85727957 0.39948062 0.32478758 0.32464704
0.51458336 0.64448471 0.56554701 0.09491192
-0.00000000 -0.00000000 -0.00000000 1.00000000
406 406 407
0.07690410 0.64802065 -0.75773016 0.47434931
-0.85969551 0.42801673 0.27879261 0.38294079
0.50498455 0.62997692 0.59001668 0.06428554
-0.00000000 -0.00000000 -0.00000000 1.00000000
407 407 408
0.04852525 0.63857638 -0.76802702 0.50759143
-0.85795810 0.42036191 0.29530283 0.35017905
0.51142272 0.64460536 0.56826995 0.09508773
-0.00000000 -0.00000000 -0.00000000 1.00000000
408 408 409
0.08472327 0.62929185 -0.77253721 0.49616704
-0.86872340 0.42637336 0.25204248 0.37087833
0.48799757 0.64976729 0.58280430 0.09191273
-0.00000000 -0.00000000 -0.00000000 1.00000000
409 409 410
0.10485626 0.63735966 -0.76339886 0.49093698
-0.85413176 0.45089735 0.25913416 0.37290480
0.50937619 0.62487138 0.59166854 0.08020638
-0.00000000 -0.00000000 -0.00000000 1.00000000
410 410 411
0.13248623 0.63263836 -0.76303086 0.49298541
-0.85054883 0.46783374 0.24020465 0.37771209
0.50893426 0.61717120 0.60007135 0.09060003
-0.00000000 -0.00000000 -0.00000000 1.00000000
411 411 412
0.13403214 0.63575567 -0.76016453 0.50568301
-0.85920818 0.45675716 0.23050858 0.38483445
0.49375773 0.62224402 0.60746661 0.09502262
-0.00000000 -0.00000000 -0.00000000 1.00000000
412 412 413
0.12162426 0.61655514 -0.77786072 0.51374142
-0.85316176 0.46544724 0.23552894 0.39695813
0.50726970 0.63499499 0.58263094 0.12032496
-0.00000000 -0.00000000 -0.00000000 1.00000000
413 413 414
0.15402903 0.61409652 -0.77405460 0.51019921
-0.86901933 0.45699583 0.18963177 0.40960686
0.47019194 0.64345961 0.60405237 0.13225184
-0.00000000 -0.00000000 -0.00000000 1.00000000
414 414 415
0.31696914 0.60048406 -0.73413177 0.50034099
-0.84078257 0.53608593 0.07547545 0.48504430
0.43887952 0.59332181 0.67479923 0.09561611
-0.00000000 -0.00000000 -0.00000000 1.00000000
415 415 416
0.33058036 0.60417074 -0.72504782 0.48325102
-0.85320515 0.51971162 0.04405461 0.48005390
0.40343228 0.60405094 0.68728804 0.11493722
-0.00000000 -0.00000000 -0.00000000 1.00000000
416 416 417
0.28334962 0.62898305 -0.72394290 0.50041239
-0.86790468 0.48932661 0.08544552 0.47116659
0.40798831 0.60410247 0.68454784 0.10849906
-0.00000000 -0.00000000 -0.00000000 1.00000000
417 417 418
0.27971980 0.64550076 -0.71069375 0.49504964
-0.88054521 0.46749345 0.07803846 0.46853827
0.38261856 0.60396908 0.69915977 0.10255614
-0.00000000 -0.00000000 -0.00000000 1.00000000
418 418 419
0.37148113 0.59907462 -0.70930344 0.50333499
-0.84364118 0.53678364 0.01152775 0.50427373
0.38764847 0.59411525 0.70480901 0.10276598
-0.00000000 -0.00000000 -0.00000000 1.00000000
419 419 420
0.36638409 0.59877046 -0.71220547 0.47176230
-0.84382484 0.53635460 0.01683403 0.50710100
0.39207440 0.59480894 0.70176919 0.10471412
-0.00000000 -0.00000000 -0.00000000 1.00000000
420 420 421
0.33713421 0.57006030 -0.74924747 0.49001083
-0.85255293 0.52245629 0.01388971 0.46886122
0.39936703 0.63409043 0.66214447 0.15460915
-0.00000000 -0.00000000 -0.00000000 1.00000000
421 421 422
0.35972998 0.58727618 -0.72505243 0.47088555
-0.85245904 0.52279378 0.00050929 0.51265569
0.37935200 0.61789429 0.68869348 0.12201759
-0.00000000 -0.00000000 -0.00000000 1.00000000
422 422 423
0.35080418 0.57939754 -0.73568670 0.47326078
-0.85758284 0.51433136 -0.00386214 0.50515222
0.37614903 0.63226715 0.67731098 0.13231697
-0.00000000 0.00000000 -0.00000000 1.00000000
423 423 424
0.41873382 0.53469604 -0.73400418 0.46336440
-0.82304179 0.56501868 -0.05793180 0.54675323
0.38375017 0.62837412 0.67666962 0.13500281
-0.00000000 0.00000000 -0.00000000 1.00000000
424 424 425
0.47151023 0.51114955 -0.71861272 0.46783239
-0.79760575 0.59478674 -0.10026860 0.57609192
0.37616907 0.62044731 0.68814385 0.12991083
-0.00000000 0.00000000 -0.00000000 1.00000000
425 425 426
0.43831357 0.52361412 -0.73055422 0.45101466
-0.81340779 0.57689819 -0.07454017 0.55879273
0.38242512 0.62691046 0.67877412 0.14220228
-0.00000000 0.00000000 -0.00000000 1.00000000
426 426 427
0.41098758 0.50875766 -0.75647529 0.46995660
-0.81751188 0.57289660 -0.05885413 0.55601847
0.40343964 0.64261585 0.65136881 0.16078969
-0.00000000 0.00000000 -0.00000000 1.00000000
427 427 428
0.44115158 0.49345630 -0.74959067 0.45939971
-0.80524583 0.58639206 -0.08788345 0.58104372
0.39618737 0.64237469 0.65604141 0.16317218
-0.00000000 0.00000000 -0.00000000 1.00000000
428 428 429
0.44197715 0.47843656 -0.75878499 0.44714538
-0.79826803 0.59562853 -0.08941369 0.58643073
0.40917521 0.64523260 0.64517481 0.17451689
-0.00000000 0.00000000 -0.00000000 1.00000000
429 429 430
0.38768041 0.49725337 -0.77617201 0.47586977
-0.82356832 0.56506665 -0.04934473 0.56539954
0.41405209 0.65836066 0.62858739 0.17402082
-0.00000000 0.00000000 -0.00000000 1.00000000
430 430 431
0.41776655 0.47854095 -0.77231449 0.46307767
-0.80329464 0.59169908 -0.06789642 0.57445457
0.42448655 0.64876094 0.63160146 0.17107190
-0.00000000 0.00000000 -0.00000000 1.00000000
431 431 432
0.42653646 0.46498670 -0.77579251 0.45536035
-0.80151984 0.59175104 -0.08600376 0.59071383
0.41908542 0.65849683 0.62509946 0.17026115
-0.00000000 0.00000000 -0.00000000 1.00000000
432 432 433
0.43556923 0.44863378 -0.78038912 0.45898132
-0.79608603 0.59663976 -0.10133128 0.60170592
0.42015055 0.66539366 0.61702901 0.17720095
-0.00000000 0.00000000 -0.00000000 1.00000000
433 433 434
0.42082517 0.44701571 -0.78935615 0.45966237
-0.80297444 0.58841570 -0.09486313 0.58415522
0.42206424 0.67375361 0.60656233 0.19264497
-0.00000000 0.00000000 -0.00000000 1.00000000
434 434 435
0.44654201 0.43935856 -0.77946411 0.46301923
-0.78721450 0.60699914 -0.10883641 0.58174916
0.42531583 0.66220548 0.61692004 0.17480524
-0.00000000 0.00000000 -0.00000000 1.00000000
435 435 436
0.45598993 0.43665422 -0.77550388 0.46016703
-0.78766182 0.60365505 -0.12324547 0.59311000
0.41432118 0.66703349 0.61919648 0.17696177
-0.00000000 0.00000000 -0.00000000 1.00000000
436 436 437
0.43875874 0.43593627 -0.78578008 0.46904319
-0.78956096 0.60453851 -0.10548309 0.56666392
0.42905041 0.66670290 0.60944482 0.18432134
-0.00000000 0.00000000 -0.00000000 1.00000000
437 437 438
0.44219866 0.42939788 -0.78745019 0.45907550
-0.78688444 0.60706300 -0.11084851 0.57985487
0.43043376 0.66864936 0.60632896 0.18144337
-0.00000000 0.00000000 -0.00000000 1.00000000
438 438 439
0.43373967 0.43076957 -0.79139590 0.46288741
-0.79187160 0.60129275 -0.10670704 0.57600714
0.42989447 0.67296702 0.60191871 0.18836298
-0.00000000 0.00000000 -0.00000000 1.00000000
439 439 440
0.42085896 0.42984255 -0.79881983 0.45968389
-0.79724702 0.59536901 -0.09966406 0.58552237
0.43275272 0.67880124 0.59325708 0.19326364
-0.00000000 0.00000000 -0.00000000 1.00000000
440 440 441
0.42526812 0.42895632 -0.79695891 0.45894555
-0.79106041 0.60399457 -0.09702569 0.57881779
0.43973907 0.67170458 0.59619000 0.19223602
-0.00000000 0.00000000 -0.00000000 1.00000000
441 441 442
0.42836024 0.42499543 -0.79742485 0.46553376
-0.78776477 0.60794202 -0.09916235 0.57943838
0.44264453 0.67066041 0.59521461 0.18604824
-0.00000000 0.00000000 -0.00000000 1.00000000
442 442 443
0.43243400 0.42127780 -0.79719876 0.46566337
-0.78500087 0.61087138 -0.10300382 0.58508444
0.44359268 0.67034407 0.59486499 0.18800142
-0.00000000 0.00000000 -0.00000000 1.00000000
